#
# There is insufficient memory for the Java Runtime Environment to continue.
# Native memory allocation (malloc) failed to allocate 1438992 bytes for Chunk::new
# Possible reasons:
#   The system is out of physical RAM or swap space
#   The process is running with CompressedOops enabled, and the Java Heap may be blocking the growth of the native heap
# Possible solutions:
#   Reduce memory load on the system
#   Increase physical memory or swap space
#   Check if swap backing store is full
#   Decrease Java heap size (-Xmx/-Xms)
#   Decrease number of Java threads
#   Decrease Java thread stack sizes (-Xss)
#   Set larger code cache with -XX:ReservedCodeCacheSize=
#   JVM is running with Unscaled Compressed Oops mode in which the Java heap is
#     placed in the first 4GB address space. The Java Heap base address is the
#     maximum limit for the native heap growth. Please use -XX:HeapBaseMinAddress
#     to set the Java Heap base and to place the Java Heap above 4GB virtual address.
# This output file may be truncated or incomplete.
#
#  Out of Memory Error (arena.cpp:168), pid=3280, tid=18284
#
# JRE version: Java(TM) SE Runtime Environment (21.0.1+12) (build 21.0.1+12-LTS-29)
# Java VM: Java HotSpot(TM) 64-Bit Server VM (21.0.1+12-LTS-29, mixed mode, sharing, tiered, compressed oops, compressed class ptrs, g1 gc, windows-amd64)
# No core dump will be written. Minidumps are not enabled by default on client versions of Windows
#

---------------  S U M M A R Y ------------

Command Line: -ea -Dfile.encoding=UTF-8 -Dstdout.encoding=UTF-8 -Dstderr.encoding=UTF-8 -XX:+ShowCodeDetailsInExceptionMessages org.eclipse.jdt.internal.junit.runner.RemoteTestRunner -version 3 -port 63899 -testLoaderClass org.eclipse.jdt.internal.junit4.runner.JUnit4TestLoader -loaderpluginname org.eclipse.jdt.junit4.runtime -classNames TestRunner.TestRunner

Host: 11th Gen Intel(R) Core(TM) i5-1135G7 @ 2.40GHz, 8 cores, 7G,  Windows 11 , 64 bit Build 22621 (10.0.22621.5262)
Time: Sun May 18 18:51:52 2025 India Standard Time elapsed time: 16.599021 seconds (0d 0h 0m 16s)

---------------  T H R E A D  ---------------

Current thread (0x00000225b0fc9c10):  JavaThread "C2 CompilerThread0" daemon [_thread_in_native, id=18284, stack(0x000000c2f3100000,0x000000c2f3200000) (1024K)]


Current CompileTask:
C2:  16599 6021       4       io.restassured.internal.path.json.ConfigurableJsonSlurper$__clinit__closure1::doCall (497 bytes)

Stack: [0x000000c2f3100000,0x000000c2f3200000]
Native frames: (J=compiled Java code, j=interpreted, Vv=VM code, C=native code)
V  [jvm.dll+0x6c9029]
V  [jvm.dll+0x854b81]
V  [jvm.dll+0x856e5e]
V  [jvm.dll+0x857543]
V  [jvm.dll+0x280c06]
V  [jvm.dll+0xc3ead]
V  [jvm.dll+0xc43c3]
V  [jvm.dll+0x3b576c]
V  [jvm.dll+0x382475]
V  [jvm.dll+0x3818ea]
V  [jvm.dll+0x249ad0]
V  [jvm.dll+0x2490b1]
V  [jvm.dll+0x1c9ca1]
V  [jvm.dll+0x2586b9]
V  [jvm.dll+0x256c9a]
V  [jvm.dll+0x3ef1b6]
V  [jvm.dll+0x7fd728]
V  [jvm.dll+0x6c777d]
C  [ucrtbase.dll+0x29333]
C  [KERNEL32.DLL+0x1259d]
C  [ntdll.dll+0x5af58]


---------------  P R O C E S S  ---------------

Threads class SMR info:
_java_thread_list=0x00000225b122d910, length=20, elements={
0x00000225926288c0, 0x00000225b0fbb670, 0x00000225b0fbc480, 0x00000225b0fbf6f0,
0x00000225b0fc24f0, 0x00000225b0fc1d40, 0x00000225b0fc50b0, 0x00000225b0fc9c10,
0x00000225b0fd0fe0, 0x00000225b1295ac0, 0x00000225b1298d10, 0x00000225b15177d0,
0x00000225f7bfcce0, 0x00000225f92e0080, 0x00000225f933dea0, 0x00000225f9340c90,
0x00000225f933d810, 0x00000225f933e530, 0x00000225f933f250, 0x00000225f933ebc0
}

Java Threads: ( => current thread )
  0x00000225926288c0 JavaThread "main"                              [_thread_in_native, id=22864, stack(0x000000c2f2300000,0x000000c2f2400000) (1024K)]
  0x00000225b0fbb670 JavaThread "Reference Handler"          daemon [_thread_blocked, id=23372, stack(0x000000c2f2b00000,0x000000c2f2c00000) (1024K)]
  0x00000225b0fbc480 JavaThread "Finalizer"                  daemon [_thread_blocked, id=5292, stack(0x000000c2f2c00000,0x000000c2f2d00000) (1024K)]
  0x00000225b0fbf6f0 JavaThread "Signal Dispatcher"          daemon [_thread_blocked, id=12296, stack(0x000000c2f2d00000,0x000000c2f2e00000) (1024K)]
  0x00000225b0fc24f0 JavaThread "Attach Listener"            daemon [_thread_blocked, id=1112, stack(0x000000c2f2e00000,0x000000c2f2f00000) (1024K)]
  0x00000225b0fc1d40 JavaThread "Service Thread"             daemon [_thread_blocked, id=6500, stack(0x000000c2f2f00000,0x000000c2f3000000) (1024K)]
  0x00000225b0fc50b0 JavaThread "Monitor Deflation Thread"   daemon [_thread_blocked, id=5600, stack(0x000000c2f3000000,0x000000c2f3100000) (1024K)]
=>0x00000225b0fc9c10 JavaThread "C2 CompilerThread0"         daemon [_thread_in_native, id=18284, stack(0x000000c2f3100000,0x000000c2f3200000) (1024K)]
  0x00000225b0fd0fe0 JavaThread "C1 CompilerThread0"         daemon [_thread_blocked, id=19260, stack(0x000000c2f3200000,0x000000c2f3300000) (1024K)]
  0x00000225b1295ac0 JavaThread "Notification Thread"        daemon [_thread_blocked, id=11784, stack(0x000000c2f3300000,0x000000c2f3400000) (1024K)]
  0x00000225b1298d10 JavaThread "Common-Cleaner"             daemon [_thread_blocked, id=17172, stack(0x000000c2f3400000,0x000000c2f3500000) (1024K)]
  0x00000225b15177d0 JavaThread "ReaderThread"                      [_thread_in_native, id=22984, stack(0x000000c2f3600000,0x000000c2f3700000) (1024K)]
  0x00000225f7bfcce0 JavaThread "ForkJoinPool.commonPool-worker-1" daemon [_thread_blocked, id=16064, stack(0x000000c2f3f00000,0x000000c2f4000000) (1024K)]
  0x00000225f92e0080 JavaThread "ForkJoinPool.commonPool-worker-2" daemon [_thread_blocked, id=22140, stack(0x000000c2f4000000,0x000000c2f4100000) (1024K)]
  0x00000225f933dea0 JavaThread "pool-1-thread-1"            daemon [_thread_blocked, id=19164, stack(0x000000c2f3500000,0x000000c2f3600000) (1024K)]
  0x00000225f9340c90 JavaThread "pool-1-thread-2"            daemon [_thread_blocked, id=23748, stack(0x000000c2f4100000,0x000000c2f4200000) (1024K)]
  0x00000225f933d810 JavaThread "pool-1-thread-3"            daemon [_thread_blocked, id=20872, stack(0x000000c2f4200000,0x000000c2f4300000) (1024K)]
  0x00000225f933e530 JavaThread "pool-1-thread-4"            daemon [_thread_blocked, id=3692, stack(0x000000c2f4300000,0x000000c2f4400000) (1024K)]
  0x00000225f933f250 JavaThread "pool-1-thread-5"            daemon [_thread_blocked, id=4928, stack(0x000000c2f4400000,0x000000c2f4500000) (1024K)]
  0x00000225f933ebc0 JavaThread "pool-1-thread-6"            daemon [_thread_blocked, id=11864, stack(0x000000c2f4500000,0x000000c2f4600000) (1024K)]
Total: 20

Other Threads:
  0x00000225b0f9bf00 VMThread "VM Thread"                           [id=23252, stack(0x000000c2f2a00000,0x000000c2f2b00000) (1024K)]
  0x00000225b0f809d0 WatcherThread "VM Periodic Task Thread"        [id=6968, stack(0x000000c2f2900000,0x000000c2f2a00000) (1024K)]
  0x00000225927fd040 WorkerThread "GC Thread#0"                     [id=19000, stack(0x000000c2f2400000,0x000000c2f2500000) (1024K)]
  0x00000225f71d0e50 WorkerThread "GC Thread#1"                     [id=3400, stack(0x000000c2f3700000,0x000000c2f3800000) (1024K)]
  0x00000225f71d11f0 WorkerThread "GC Thread#2"                     [id=13812, stack(0x000000c2f3800000,0x000000c2f3900000) (1024K)]
  0x00000225f725bd40 WorkerThread "GC Thread#3"                     [id=20356, stack(0x000000c2f3900000,0x000000c2f3a00000) (1024K)]
  0x00000225f71ca560 WorkerThread "GC Thread#4"                     [id=7616, stack(0x000000c2f3a00000,0x000000c2f3b00000) (1024K)]
  0x00000225f72c78e0 WorkerThread "GC Thread#5"                     [id=11552, stack(0x000000c2f3b00000,0x000000c2f3c00000) (1024K)]
  0x00000225f72c7c80 WorkerThread "GC Thread#6"                     [id=10628, stack(0x000000c2f3c00000,0x000000c2f3d00000) (1024K)]
  0x00000225f72c8020 WorkerThread "GC Thread#7"                     [id=9888, stack(0x000000c2f3d00000,0x000000c2f3e00000) (1024K)]
  0x000002259280df30 ConcurrentGCThread "G1 Main Marker"            [id=23444, stack(0x000000c2f2500000,0x000000c2f2600000) (1024K)]
  0x000002259280e930 WorkerThread "G1 Conc#0"                       [id=1416, stack(0x000000c2f2600000,0x000000c2f2700000) (1024K)]
  0x00000225f732bc90 WorkerThread "G1 Conc#1"                       [id=19452, stack(0x000000c2f3e00000,0x000000c2f3f00000) (1024K)]
  0x000002259285e890 ConcurrentGCThread "G1 Refine#0"               [id=18732, stack(0x000000c2f2700000,0x000000c2f2800000) (1024K)]
  0x00000225b0e544e0 ConcurrentGCThread "G1 Service"                [id=3036, stack(0x000000c2f2800000,0x000000c2f2900000) (1024K)]
Total: 15

Threads with active compile tasks:
C2 CompilerThread0    16625 6021       4       io.restassured.internal.path.json.ConfigurableJsonSlurper$__clinit__closure1::doCall (497 bytes)
Total: 1

VM state: not at safepoint (normal execution)

VM Mutex/Monitor currently owned by a thread: None

Heap address: 0x0000000084000000, size: 1984 MB, Compressed Oops mode: 32-bit

CDS archive(s) mapped at: [0x00000225b2000000-0x00000225b2c90000-0x00000225b2c90000), size 13172736, SharedBaseAddress: 0x00000225b2000000, ArchiveRelocationMode: 1.
Compressed class space mapped at: 0x00000225b3000000-0x00000225f3000000, reserved size: 1073741824
Narrow klass base: 0x00000225b2000000, Narrow klass shift: 0, Narrow klass range: 0x100000000

GC Precious Log:
 CardTable entry size: 512
 Card Set container configuration: InlinePtr #cards 5 size 8 Array Of Cards #cards 12 size 40 Howl #buckets 4 coarsen threshold 1843 Howl Bitmap #cards 512 size 80 coarsen threshold 460 Card regions per heap region 1 cards per card region 2048
 CPUs: 8 total, 8 available
 Memory: 7928M
 Large Page Support: Disabled
 NUMA Support: Disabled
 Compressed Oops: Enabled (32-bit)
 Heap Region Size: 1M
 Heap Min Capacity: 8M
 Heap Initial Capacity: 124M
 Heap Max Capacity: 1984M
 Pre-touch: Disabled
 Parallel Workers: 8
 Concurrent Workers: 2
 Concurrent Refinement Workers: 8
 Periodic GC: Disabled

Heap:
 garbage-first heap   total 189440K, used 125114K [0x0000000084000000, 0x0000000100000000)
  region size 1024K, 87 young (89088K), 3 survivors (3072K)
 Metaspace       used 44102K, committed 44992K, reserved 1114112K
  class space    used 5398K, committed 5824K, reserved 1048576K

Heap Regions: E=young(eden), S=young(survivor), O=old, HS=humongous(starts), HC=humongous(continues), CS=collection set, F=free, TAMS=top-at-mark-start, PB=parsable bottom
|   0|0x0000000084000000, 0x0000000084100000, 0x0000000084100000|100%| O|  |TAMS 0x0000000084000000| PB 0x0000000084000000| Untracked 
|   1|0x0000000084100000, 0x0000000084200000, 0x0000000084200000|100%| O|  |TAMS 0x0000000084100000| PB 0x0000000084100000| Untracked 
|   2|0x0000000084200000, 0x0000000084300000, 0x0000000084300000|100%| O|  |TAMS 0x0000000084200000| PB 0x0000000084200000| Untracked 
|   3|0x0000000084300000, 0x0000000084400000, 0x0000000084400000|100%| O|  |TAMS 0x0000000084300000| PB 0x0000000084300000| Untracked 
|   4|0x0000000084400000, 0x0000000084500000, 0x0000000084500000|100%| O|  |TAMS 0x0000000084400000| PB 0x0000000084400000| Untracked 
|   5|0x0000000084500000, 0x0000000084600000, 0x0000000084600000|100%| O|  |TAMS 0x0000000084500000| PB 0x0000000084500000| Untracked 
|   6|0x0000000084600000, 0x0000000084700000, 0x0000000084700000|100%| O|  |TAMS 0x0000000084600000| PB 0x0000000084600000| Untracked 
|   7|0x0000000084700000, 0x0000000084800000, 0x0000000084800000|100%| O|  |TAMS 0x0000000084700000| PB 0x0000000084700000| Untracked 
|   8|0x0000000084800000, 0x0000000084900000, 0x0000000084900000|100%| O|  |TAMS 0x0000000084800000| PB 0x0000000084800000| Untracked 
|   9|0x0000000084900000, 0x0000000084a00000, 0x0000000084a00000|100%| O|  |TAMS 0x0000000084900000| PB 0x0000000084900000| Untracked 
|  10|0x0000000084a00000, 0x0000000084b00000, 0x0000000084b00000|100%| O|  |TAMS 0x0000000084a00000| PB 0x0000000084a00000| Untracked 
|  11|0x0000000084b00000, 0x0000000084c00000, 0x0000000084c00000|100%| O|  |TAMS 0x0000000084b00000| PB 0x0000000084b00000| Untracked 
|  12|0x0000000084c00000, 0x0000000084d00000, 0x0000000084d00000|100%| O|  |TAMS 0x0000000084c00000| PB 0x0000000084c00000| Untracked 
|  13|0x0000000084d00000, 0x0000000084e00000, 0x0000000084e00000|100%| O|  |TAMS 0x0000000084d00000| PB 0x0000000084d00000| Untracked 
|  14|0x0000000084e00000, 0x0000000084f00000, 0x0000000084f00000|100%| O|  |TAMS 0x0000000084e00000| PB 0x0000000084e00000| Untracked 
|  15|0x0000000084f00000, 0x0000000084f00000, 0x0000000085000000|  0%| F|  |TAMS 0x0000000084f00000| PB 0x0000000084f00000| Untracked 
|  16|0x0000000085000000, 0x0000000085100000, 0x0000000085100000|100%| O|  |TAMS 0x0000000085000000| PB 0x0000000085000000| Untracked 
|  17|0x0000000085100000, 0x0000000085200000, 0x0000000085200000|100%| O|  |TAMS 0x0000000085100000| PB 0x0000000085100000| Untracked 
|  18|0x0000000085200000, 0x0000000085300000, 0x0000000085300000|100%| O|  |TAMS 0x0000000085200000| PB 0x0000000085200000| Untracked 
|  19|0x0000000085300000, 0x0000000085400000, 0x0000000085400000|100%| O|  |TAMS 0x0000000085300000| PB 0x0000000085300000| Untracked 
|  20|0x0000000085400000, 0x0000000085500000, 0x0000000085500000|100%| O|  |TAMS 0x0000000085400000| PB 0x0000000085400000| Untracked 
|  21|0x0000000085500000, 0x0000000085600000, 0x0000000085600000|100%| O|  |TAMS 0x0000000085500000| PB 0x0000000085500000| Untracked 
|  22|0x0000000085600000, 0x0000000085700000, 0x0000000085700000|100%| O|  |TAMS 0x0000000085600000| PB 0x0000000085600000| Untracked 
|  23|0x0000000085700000, 0x0000000085800000, 0x0000000085800000|100%| O|  |TAMS 0x0000000085700000| PB 0x0000000085700000| Untracked 
|  24|0x0000000085800000, 0x0000000085900000, 0x0000000085900000|100%| O|  |TAMS 0x0000000085800000| PB 0x0000000085800000| Untracked 
|  25|0x0000000085900000, 0x0000000085a00000, 0x0000000085a00000|100%| O|  |TAMS 0x0000000085900000| PB 0x0000000085900000| Untracked 
|  26|0x0000000085a00000, 0x0000000085b00000, 0x0000000085b00000|100%| O|  |TAMS 0x0000000085a00000| PB 0x0000000085a00000| Untracked 
|  27|0x0000000085b00000, 0x0000000085b00000, 0x0000000085c00000|  0%| F|  |TAMS 0x0000000085b00000| PB 0x0000000085b00000| Untracked 
|  28|0x0000000085c00000, 0x0000000085d00000, 0x0000000085d00000|100%| O|  |TAMS 0x0000000085c00000| PB 0x0000000085c00000| Untracked 
|  29|0x0000000085d00000, 0x0000000085e00000, 0x0000000085e00000|100%| O|  |TAMS 0x0000000085d00000| PB 0x0000000085d00000| Untracked 
|  30|0x0000000085e00000, 0x0000000085f00000, 0x0000000085f00000|100%| O|  |TAMS 0x0000000085e00000| PB 0x0000000085e00000| Untracked 
|  31|0x0000000085f00000, 0x0000000086000000, 0x0000000086000000|100%| O|  |TAMS 0x0000000085f00000| PB 0x0000000085f00000| Untracked 
|  32|0x0000000086000000, 0x0000000086100000, 0x0000000086100000|100%| O|  |TAMS 0x0000000086000000| PB 0x0000000086000000| Untracked 
|  33|0x0000000086100000, 0x000000008615e0c0, 0x0000000086200000| 36%| O|  |TAMS 0x0000000086100000| PB 0x0000000086100000| Untracked 
|  34|0x0000000086200000, 0x0000000086300000, 0x0000000086300000|100%|HS|  |TAMS 0x0000000086200000| PB 0x0000000086200000| Complete 
|  35|0x0000000086300000, 0x0000000086400000, 0x0000000086400000|100%|HC|  |TAMS 0x0000000086300000| PB 0x0000000086300000| Complete 
|  36|0x0000000086400000, 0x0000000086500000, 0x0000000086500000|100%|HC|  |TAMS 0x0000000086400000| PB 0x0000000086400000| Complete 
|  37|0x0000000086500000, 0x0000000086500000, 0x0000000086600000|  0%| F|  |TAMS 0x0000000086500000| PB 0x0000000086500000| Untracked 
|  38|0x0000000086600000, 0x0000000086600000, 0x0000000086700000|  0%| F|  |TAMS 0x0000000086600000| PB 0x0000000086600000| Untracked 
|  39|0x0000000086700000, 0x0000000086800000, 0x0000000086800000|100%|HS|  |TAMS 0x0000000086700000| PB 0x0000000086700000| Complete 
|  40|0x0000000086800000, 0x0000000086800000, 0x0000000086900000|  0%| F|  |TAMS 0x0000000086800000| PB 0x0000000086800000| Untracked 
|  41|0x0000000086900000, 0x0000000086900000, 0x0000000086a00000|  0%| F|  |TAMS 0x0000000086900000| PB 0x0000000086900000| Untracked 
|  42|0x0000000086a00000, 0x0000000086a00000, 0x0000000086b00000|  0%| F|  |TAMS 0x0000000086a00000| PB 0x0000000086a00000| Untracked 
|  43|0x0000000086b00000, 0x0000000086b00000, 0x0000000086c00000|  0%| F|  |TAMS 0x0000000086b00000| PB 0x0000000086b00000| Untracked 
|  44|0x0000000086c00000, 0x0000000086d00000, 0x0000000086d00000|100%|HS|  |TAMS 0x0000000086c00000| PB 0x0000000086c00000| Complete 
|  45|0x0000000086d00000, 0x0000000086d00000, 0x0000000086e00000|  0%| F|  |TAMS 0x0000000086d00000| PB 0x0000000086d00000| Untracked 
|  46|0x0000000086e00000, 0x0000000086e00000, 0x0000000086f00000|  0%| F|  |TAMS 0x0000000086e00000| PB 0x0000000086e00000| Untracked 
|  47|0x0000000086f00000, 0x0000000086f00000, 0x0000000087000000|  0%| F|  |TAMS 0x0000000086f00000| PB 0x0000000086f00000| Untracked 
|  48|0x0000000087000000, 0x0000000087000000, 0x0000000087100000|  0%| F|  |TAMS 0x0000000087000000| PB 0x0000000087000000| Untracked 
|  49|0x0000000087100000, 0x0000000087100000, 0x0000000087200000|  0%| F|  |TAMS 0x0000000087100000| PB 0x0000000087100000| Untracked 
|  50|0x0000000087200000, 0x0000000087200000, 0x0000000087300000|  0%| F|  |TAMS 0x0000000087200000| PB 0x0000000087200000| Untracked 
|  51|0x0000000087300000, 0x0000000087300000, 0x0000000087400000|  0%| F|  |TAMS 0x0000000087300000| PB 0x0000000087300000| Untracked 
|  52|0x0000000087400000, 0x0000000087400000, 0x0000000087500000|  0%| F|  |TAMS 0x0000000087400000| PB 0x0000000087400000| Untracked 
|  53|0x0000000087500000, 0x0000000087500000, 0x0000000087600000|  0%| F|  |TAMS 0x0000000087500000| PB 0x0000000087500000| Untracked 
|  54|0x0000000087600000, 0x0000000087600000, 0x0000000087700000|  0%| F|  |TAMS 0x0000000087600000| PB 0x0000000087600000| Untracked 
|  55|0x0000000087700000, 0x0000000087700000, 0x0000000087800000|  0%| F|  |TAMS 0x0000000087700000| PB 0x0000000087700000| Untracked 
|  56|0x0000000087800000, 0x0000000087800000, 0x0000000087900000|  0%| F|  |TAMS 0x0000000087800000| PB 0x0000000087800000| Untracked 
|  57|0x0000000087900000, 0x0000000087900000, 0x0000000087a00000|  0%| F|  |TAMS 0x0000000087900000| PB 0x0000000087900000| Untracked 
|  58|0x0000000087a00000, 0x0000000087a00000, 0x0000000087b00000|  0%| F|  |TAMS 0x0000000087a00000| PB 0x0000000087a00000| Untracked 
|  59|0x0000000087b00000, 0x0000000087b00000, 0x0000000087c00000|  0%| F|  |TAMS 0x0000000087b00000| PB 0x0000000087b00000| Untracked 
|  60|0x0000000087c00000, 0x0000000087c00000, 0x0000000087d00000|  0%| F|  |TAMS 0x0000000087c00000| PB 0x0000000087c00000| Untracked 
|  61|0x0000000087d00000, 0x0000000087d00000, 0x0000000087e00000|  0%| F|  |TAMS 0x0000000087d00000| PB 0x0000000087d00000| Untracked 
|  62|0x0000000087e00000, 0x0000000087e00000, 0x0000000087f00000|  0%| F|  |TAMS 0x0000000087e00000| PB 0x0000000087e00000| Untracked 
|  63|0x0000000087f00000, 0x0000000087f00000, 0x0000000088000000|  0%| F|  |TAMS 0x0000000087f00000| PB 0x0000000087f00000| Untracked 
|  64|0x0000000088000000, 0x0000000088000000, 0x0000000088100000|  0%| F|  |TAMS 0x0000000088000000| PB 0x0000000088000000| Untracked 
|  65|0x0000000088100000, 0x0000000088100000, 0x0000000088200000|  0%| F|  |TAMS 0x0000000088100000| PB 0x0000000088100000| Untracked 
|  66|0x0000000088200000, 0x0000000088200000, 0x0000000088300000|  0%| F|  |TAMS 0x0000000088200000| PB 0x0000000088200000| Untracked 
|  67|0x0000000088300000, 0x0000000088300000, 0x0000000088400000|  0%| F|  |TAMS 0x0000000088300000| PB 0x0000000088300000| Untracked 
|  68|0x0000000088400000, 0x0000000088400000, 0x0000000088500000|  0%| F|  |TAMS 0x0000000088400000| PB 0x0000000088400000| Untracked 
|  69|0x0000000088500000, 0x0000000088500000, 0x0000000088600000|  0%| F|  |TAMS 0x0000000088500000| PB 0x0000000088500000| Untracked 
|  70|0x0000000088600000, 0x0000000088600000, 0x0000000088700000|  0%| F|  |TAMS 0x0000000088600000| PB 0x0000000088600000| Untracked 
|  71|0x0000000088700000, 0x00000000887d0a20, 0x0000000088800000| 81%| S|CS|TAMS 0x0000000088700000| PB 0x0000000088700000| Complete 
|  72|0x0000000088800000, 0x0000000088900000, 0x0000000088900000|100%| S|CS|TAMS 0x0000000088800000| PB 0x0000000088800000| Complete 
|  73|0x0000000088900000, 0x0000000088a00000, 0x0000000088a00000|100%| S|CS|TAMS 0x0000000088900000| PB 0x0000000088900000| Complete 
|  74|0x0000000088a00000, 0x0000000088a00000, 0x0000000088b00000|  0%| F|  |TAMS 0x0000000088a00000| PB 0x0000000088a00000| Untracked 
|  75|0x0000000088b00000, 0x0000000088b00000, 0x0000000088c00000|  0%| F|  |TAMS 0x0000000088b00000| PB 0x0000000088b00000| Untracked 
|  76|0x0000000088c00000, 0x0000000088c00000, 0x0000000088d00000|  0%| F|  |TAMS 0x0000000088c00000| PB 0x0000000088c00000| Untracked 
|  77|0x0000000088d00000, 0x0000000088d00000, 0x0000000088e00000|  0%| F|  |TAMS 0x0000000088d00000| PB 0x0000000088d00000| Untracked 
|  78|0x0000000088e00000, 0x0000000088e00000, 0x0000000088f00000|  0%| F|  |TAMS 0x0000000088e00000| PB 0x0000000088e00000| Untracked 
|  79|0x0000000088f00000, 0x0000000088f00000, 0x0000000089000000|  0%| F|  |TAMS 0x0000000088f00000| PB 0x0000000088f00000| Untracked 
|  80|0x0000000089000000, 0x0000000089000000, 0x0000000089100000|  0%| F|  |TAMS 0x0000000089000000| PB 0x0000000089000000| Untracked 
|  81|0x0000000089100000, 0x0000000089100000, 0x0000000089200000|  0%| F|  |TAMS 0x0000000089100000| PB 0x0000000089100000| Untracked 
|  82|0x0000000089200000, 0x0000000089200000, 0x0000000089300000|  0%| F|  |TAMS 0x0000000089200000| PB 0x0000000089200000| Untracked 
|  83|0x0000000089300000, 0x0000000089300000, 0x0000000089400000|  0%| F|  |TAMS 0x0000000089300000| PB 0x0000000089300000| Untracked 
|  84|0x0000000089400000, 0x0000000089400000, 0x0000000089500000|  0%| F|  |TAMS 0x0000000089400000| PB 0x0000000089400000| Untracked 
|  85|0x0000000089500000, 0x0000000089500000, 0x0000000089600000|  0%| F|  |TAMS 0x0000000089500000| PB 0x0000000089500000| Untracked 
|  86|0x0000000089600000, 0x0000000089600000, 0x0000000089700000|  0%| F|  |TAMS 0x0000000089600000| PB 0x0000000089600000| Untracked 
|  87|0x0000000089700000, 0x0000000089700000, 0x0000000089800000|  0%| F|  |TAMS 0x0000000089700000| PB 0x0000000089700000| Untracked 
|  88|0x0000000089800000, 0x0000000089800000, 0x0000000089900000|  0%| F|  |TAMS 0x0000000089800000| PB 0x0000000089800000| Untracked 
|  89|0x0000000089900000, 0x0000000089900000, 0x0000000089a00000|  0%| F|  |TAMS 0x0000000089900000| PB 0x0000000089900000| Untracked 
|  90|0x0000000089a00000, 0x0000000089a00000, 0x0000000089b00000|  0%| F|  |TAMS 0x0000000089a00000| PB 0x0000000089a00000| Untracked 
|  91|0x0000000089b00000, 0x0000000089b00000, 0x0000000089c00000|  0%| F|  |TAMS 0x0000000089b00000| PB 0x0000000089b00000| Untracked 
|  92|0x0000000089c00000, 0x0000000089c00000, 0x0000000089d00000|  0%| F|  |TAMS 0x0000000089c00000| PB 0x0000000089c00000| Untracked 
|  93|0x0000000089d00000, 0x0000000089d00000, 0x0000000089e00000|  0%| F|  |TAMS 0x0000000089d00000| PB 0x0000000089d00000| Untracked 
|  94|0x0000000089e00000, 0x0000000089e00000, 0x0000000089f00000|  0%| F|  |TAMS 0x0000000089e00000| PB 0x0000000089e00000| Untracked 
|  95|0x0000000089f00000, 0x0000000089f00000, 0x000000008a000000|  0%| F|  |TAMS 0x0000000089f00000| PB 0x0000000089f00000| Untracked 
|  96|0x000000008a000000, 0x000000008a000000, 0x000000008a100000|  0%| F|  |TAMS 0x000000008a000000| PB 0x000000008a000000| Untracked 
|  97|0x000000008a100000, 0x000000008a100000, 0x000000008a200000|  0%| F|  |TAMS 0x000000008a100000| PB 0x000000008a100000| Untracked 
|  98|0x000000008a200000, 0x000000008a200000, 0x000000008a300000|  0%| F|  |TAMS 0x000000008a200000| PB 0x000000008a200000| Untracked 
|  99|0x000000008a300000, 0x000000008a300000, 0x000000008a400000|  0%| F|  |TAMS 0x000000008a300000| PB 0x000000008a300000| Untracked 
| 100|0x000000008a400000, 0x000000008a400000, 0x000000008a500000|  0%| F|  |TAMS 0x000000008a400000| PB 0x000000008a400000| Untracked 
| 101|0x000000008a500000, 0x000000008a580800, 0x000000008a600000| 50%| E|  |TAMS 0x000000008a500000| PB 0x000000008a500000| Complete 
| 102|0x000000008a600000, 0x000000008a700000, 0x000000008a700000|100%| E|CS|TAMS 0x000000008a600000| PB 0x000000008a600000| Complete 
| 103|0x000000008a700000, 0x000000008a800000, 0x000000008a800000|100%| E|CS|TAMS 0x000000008a700000| PB 0x000000008a700000| Complete 
| 104|0x000000008a800000, 0x000000008a900000, 0x000000008a900000|100%| E|CS|TAMS 0x000000008a800000| PB 0x000000008a800000| Complete 
| 105|0x000000008a900000, 0x000000008aa00000, 0x000000008aa00000|100%| E|CS|TAMS 0x000000008a900000| PB 0x000000008a900000| Complete 
| 106|0x000000008aa00000, 0x000000008ab00000, 0x000000008ab00000|100%| E|CS|TAMS 0x000000008aa00000| PB 0x000000008aa00000| Complete 
| 107|0x000000008ab00000, 0x000000008ac00000, 0x000000008ac00000|100%| E|CS|TAMS 0x000000008ab00000| PB 0x000000008ab00000| Complete 
| 108|0x000000008ac00000, 0x000000008ad00000, 0x000000008ad00000|100%| E|CS|TAMS 0x000000008ac00000| PB 0x000000008ac00000| Complete 
| 109|0x000000008ad00000, 0x000000008ae00000, 0x000000008ae00000|100%| E|CS|TAMS 0x000000008ad00000| PB 0x000000008ad00000| Complete 
| 110|0x000000008ae00000, 0x000000008af00000, 0x000000008af00000|100%| E|CS|TAMS 0x000000008ae00000| PB 0x000000008ae00000| Complete 
| 111|0x000000008af00000, 0x000000008b000000, 0x000000008b000000|100%| E|CS|TAMS 0x000000008af00000| PB 0x000000008af00000| Complete 
| 112|0x000000008b000000, 0x000000008b100000, 0x000000008b100000|100%| E|CS|TAMS 0x000000008b000000| PB 0x000000008b000000| Complete 
| 113|0x000000008b100000, 0x000000008b200000, 0x000000008b200000|100%| E|CS|TAMS 0x000000008b100000| PB 0x000000008b100000| Complete 
| 114|0x000000008b200000, 0x000000008b300000, 0x000000008b300000|100%| E|CS|TAMS 0x000000008b200000| PB 0x000000008b200000| Complete 
| 115|0x000000008b300000, 0x000000008b400000, 0x000000008b400000|100%| E|CS|TAMS 0x000000008b300000| PB 0x000000008b300000| Complete 
| 116|0x000000008b400000, 0x000000008b500000, 0x000000008b500000|100%| E|CS|TAMS 0x000000008b400000| PB 0x000000008b400000| Complete 
| 117|0x000000008b500000, 0x000000008b600000, 0x000000008b600000|100%| E|CS|TAMS 0x000000008b500000| PB 0x000000008b500000| Complete 
| 118|0x000000008b600000, 0x000000008b700000, 0x000000008b700000|100%| E|CS|TAMS 0x000000008b600000| PB 0x000000008b600000| Complete 
| 119|0x000000008b700000, 0x000000008b800000, 0x000000008b800000|100%| E|CS|TAMS 0x000000008b700000| PB 0x000000008b700000| Complete 
| 120|0x000000008b800000, 0x000000008b900000, 0x000000008b900000|100%| E|CS|TAMS 0x000000008b800000| PB 0x000000008b800000| Complete 
| 121|0x000000008b900000, 0x000000008ba00000, 0x000000008ba00000|100%| E|CS|TAMS 0x000000008b900000| PB 0x000000008b900000| Complete 
| 122|0x000000008ba00000, 0x000000008bb00000, 0x000000008bb00000|100%| E|CS|TAMS 0x000000008ba00000| PB 0x000000008ba00000| Complete 
| 123|0x000000008bb00000, 0x000000008bc00000, 0x000000008bc00000|100%| E|CS|TAMS 0x000000008bb00000| PB 0x000000008bb00000| Complete 
| 124|0x000000008bc00000, 0x000000008bd00000, 0x000000008bd00000|100%| E|CS|TAMS 0x000000008bc00000| PB 0x000000008bc00000| Complete 
| 125|0x000000008bd00000, 0x000000008be00000, 0x000000008be00000|100%| E|CS|TAMS 0x000000008bd00000| PB 0x000000008bd00000| Complete 
| 126|0x000000008be00000, 0x000000008bf00000, 0x000000008bf00000|100%| E|CS|TAMS 0x000000008be00000| PB 0x000000008be00000| Complete 
| 127|0x000000008bf00000, 0x000000008c000000, 0x000000008c000000|100%| E|CS|TAMS 0x000000008bf00000| PB 0x000000008bf00000| Complete 
| 128|0x000000008c000000, 0x000000008c100000, 0x000000008c100000|100%| E|CS|TAMS 0x000000008c000000| PB 0x000000008c000000| Complete 
| 129|0x000000008c100000, 0x000000008c200000, 0x000000008c200000|100%| E|CS|TAMS 0x000000008c100000| PB 0x000000008c100000| Complete 
| 130|0x000000008c200000, 0x000000008c300000, 0x000000008c300000|100%| E|CS|TAMS 0x000000008c200000| PB 0x000000008c200000| Complete 
| 131|0x000000008c300000, 0x000000008c400000, 0x000000008c400000|100%| E|CS|TAMS 0x000000008c300000| PB 0x000000008c300000| Complete 
| 132|0x000000008c400000, 0x000000008c500000, 0x000000008c500000|100%| E|CS|TAMS 0x000000008c400000| PB 0x000000008c400000| Complete 
| 133|0x000000008c500000, 0x000000008c600000, 0x000000008c600000|100%| E|CS|TAMS 0x000000008c500000| PB 0x000000008c500000| Complete 
| 134|0x000000008c600000, 0x000000008c700000, 0x000000008c700000|100%| E|CS|TAMS 0x000000008c600000| PB 0x000000008c600000| Complete 
| 135|0x000000008c700000, 0x000000008c800000, 0x000000008c800000|100%| E|CS|TAMS 0x000000008c700000| PB 0x000000008c700000| Complete 
| 136|0x000000008c800000, 0x000000008c900000, 0x000000008c900000|100%| E|CS|TAMS 0x000000008c800000| PB 0x000000008c800000| Complete 
| 137|0x000000008c900000, 0x000000008ca00000, 0x000000008ca00000|100%| E|CS|TAMS 0x000000008c900000| PB 0x000000008c900000| Complete 
| 138|0x000000008ca00000, 0x000000008cb00000, 0x000000008cb00000|100%| E|CS|TAMS 0x000000008ca00000| PB 0x000000008ca00000| Complete 
| 139|0x000000008cb00000, 0x000000008cc00000, 0x000000008cc00000|100%| E|CS|TAMS 0x000000008cb00000| PB 0x000000008cb00000| Complete 
| 140|0x000000008cc00000, 0x000000008cd00000, 0x000000008cd00000|100%| E|CS|TAMS 0x000000008cc00000| PB 0x000000008cc00000| Complete 
| 141|0x000000008cd00000, 0x000000008ce00000, 0x000000008ce00000|100%| E|CS|TAMS 0x000000008cd00000| PB 0x000000008cd00000| Complete 
| 142|0x000000008ce00000, 0x000000008cf00000, 0x000000008cf00000|100%| E|CS|TAMS 0x000000008ce00000| PB 0x000000008ce00000| Complete 
| 143|0x000000008cf00000, 0x000000008d000000, 0x000000008d000000|100%| E|CS|TAMS 0x000000008cf00000| PB 0x000000008cf00000| Complete 
| 144|0x000000008d000000, 0x000000008d100000, 0x000000008d100000|100%| E|CS|TAMS 0x000000008d000000| PB 0x000000008d000000| Complete 
| 145|0x000000008d100000, 0x000000008d200000, 0x000000008d200000|100%| E|CS|TAMS 0x000000008d100000| PB 0x000000008d100000| Complete 
| 146|0x000000008d200000, 0x000000008d300000, 0x000000008d300000|100%| E|CS|TAMS 0x000000008d200000| PB 0x000000008d200000| Complete 
| 147|0x000000008d300000, 0x000000008d400000, 0x000000008d400000|100%| E|CS|TAMS 0x000000008d300000| PB 0x000000008d300000| Complete 
| 148|0x000000008d400000, 0x000000008d500000, 0x000000008d500000|100%| E|CS|TAMS 0x000000008d400000| PB 0x000000008d400000| Complete 
| 149|0x000000008d500000, 0x000000008d600000, 0x000000008d600000|100%| E|CS|TAMS 0x000000008d500000| PB 0x000000008d500000| Complete 
| 150|0x000000008d600000, 0x000000008d700000, 0x000000008d700000|100%| E|CS|TAMS 0x000000008d600000| PB 0x000000008d600000| Complete 
| 151|0x000000008d700000, 0x000000008d800000, 0x000000008d800000|100%| E|CS|TAMS 0x000000008d700000| PB 0x000000008d700000| Complete 
| 152|0x000000008d800000, 0x000000008d900000, 0x000000008d900000|100%| E|CS|TAMS 0x000000008d800000| PB 0x000000008d800000| Complete 
| 153|0x000000008d900000, 0x000000008da00000, 0x000000008da00000|100%| E|CS|TAMS 0x000000008d900000| PB 0x000000008d900000| Complete 
| 154|0x000000008da00000, 0x000000008db00000, 0x000000008db00000|100%| E|CS|TAMS 0x000000008da00000| PB 0x000000008da00000| Complete 
| 155|0x000000008db00000, 0x000000008dc00000, 0x000000008dc00000|100%| E|CS|TAMS 0x000000008db00000| PB 0x000000008db00000| Complete 
| 156|0x000000008dc00000, 0x000000008dd00000, 0x000000008dd00000|100%| E|CS|TAMS 0x000000008dc00000| PB 0x000000008dc00000| Complete 
| 157|0x000000008dd00000, 0x000000008de00000, 0x000000008de00000|100%| E|CS|TAMS 0x000000008dd00000| PB 0x000000008dd00000| Complete 
| 158|0x000000008de00000, 0x000000008df00000, 0x000000008df00000|100%| E|CS|TAMS 0x000000008de00000| PB 0x000000008de00000| Complete 
| 159|0x000000008df00000, 0x000000008e000000, 0x000000008e000000|100%| E|CS|TAMS 0x000000008df00000| PB 0x000000008df00000| Complete 
| 160|0x000000008e000000, 0x000000008e100000, 0x000000008e100000|100%| E|CS|TAMS 0x000000008e000000| PB 0x000000008e000000| Complete 
| 161|0x000000008e100000, 0x000000008e200000, 0x000000008e200000|100%| E|CS|TAMS 0x000000008e100000| PB 0x000000008e100000| Complete 
| 162|0x000000008e200000, 0x000000008e300000, 0x000000008e300000|100%| E|CS|TAMS 0x000000008e200000| PB 0x000000008e200000| Complete 
| 163|0x000000008e300000, 0x000000008e400000, 0x000000008e400000|100%| E|CS|TAMS 0x000000008e300000| PB 0x000000008e300000| Complete 
| 164|0x000000008e400000, 0x000000008e500000, 0x000000008e500000|100%| E|CS|TAMS 0x000000008e400000| PB 0x000000008e400000| Complete 
| 165|0x000000008e500000, 0x000000008e600000, 0x000000008e600000|100%| E|CS|TAMS 0x000000008e500000| PB 0x000000008e500000| Complete 
| 166|0x000000008e600000, 0x000000008e700000, 0x000000008e700000|100%| E|CS|TAMS 0x000000008e600000| PB 0x000000008e600000| Complete 
| 167|0x000000008e700000, 0x000000008e800000, 0x000000008e800000|100%| E|CS|TAMS 0x000000008e700000| PB 0x000000008e700000| Complete 
| 168|0x000000008e800000, 0x000000008e900000, 0x000000008e900000|100%| E|CS|TAMS 0x000000008e800000| PB 0x000000008e800000| Complete 
| 169|0x000000008e900000, 0x000000008ea00000, 0x000000008ea00000|100%| E|CS|TAMS 0x000000008e900000| PB 0x000000008e900000| Complete 
| 170|0x000000008ea00000, 0x000000008eb00000, 0x000000008eb00000|100%| E|CS|TAMS 0x000000008ea00000| PB 0x000000008ea00000| Complete 
| 171|0x000000008eb00000, 0x000000008ec00000, 0x000000008ec00000|100%| E|CS|TAMS 0x000000008eb00000| PB 0x000000008eb00000| Complete 
| 172|0x000000008ec00000, 0x000000008ed00000, 0x000000008ed00000|100%| E|CS|TAMS 0x000000008ec00000| PB 0x000000008ec00000| Complete 
| 173|0x000000008ed00000, 0x000000008ee00000, 0x000000008ee00000|100%| E|CS|TAMS 0x000000008ed00000| PB 0x000000008ed00000| Complete 
| 174|0x000000008ee00000, 0x000000008ef00000, 0x000000008ef00000|100%| E|CS|TAMS 0x000000008ee00000| PB 0x000000008ee00000| Complete 
| 175|0x000000008ef00000, 0x000000008f000000, 0x000000008f000000|100%| E|CS|TAMS 0x000000008ef00000| PB 0x000000008ef00000| Complete 
| 176|0x000000008f000000, 0x000000008f100000, 0x000000008f100000|100%| E|CS|TAMS 0x000000008f000000| PB 0x000000008f000000| Complete 
| 177|0x000000008f100000, 0x000000008f200000, 0x000000008f200000|100%| E|CS|TAMS 0x000000008f100000| PB 0x000000008f100000| Complete 
| 178|0x000000008f200000, 0x000000008f300000, 0x000000008f300000|100%| E|CS|TAMS 0x000000008f200000| PB 0x000000008f200000| Complete 
| 179|0x000000008f300000, 0x000000008f400000, 0x000000008f400000|100%| E|CS|TAMS 0x000000008f300000| PB 0x000000008f300000| Complete 
| 180|0x000000008f400000, 0x000000008f500000, 0x000000008f500000|100%| E|CS|TAMS 0x000000008f400000| PB 0x000000008f400000| Complete 
| 181|0x000000008f500000, 0x000000008f600000, 0x000000008f600000|100%| E|CS|TAMS 0x000000008f500000| PB 0x000000008f500000| Complete 
| 182|0x000000008f600000, 0x000000008f700000, 0x000000008f700000|100%| E|CS|TAMS 0x000000008f600000| PB 0x000000008f600000| Complete 
| 183|0x000000008f700000, 0x000000008f800000, 0x000000008f800000|100%| E|CS|TAMS 0x000000008f700000| PB 0x000000008f700000| Complete 
| 184|0x000000008f800000, 0x000000008f900000, 0x000000008f900000|100%| E|CS|TAMS 0x000000008f800000| PB 0x000000008f800000| Complete 

Card table byte_map: [0x00000225ac230000,0x00000225ac610000] _byte_map_base: 0x00000225abe10000

Marking Bits: (CMBitMap*) 0x00000225927fd640
 Bits: [0x00000225ac610000, 0x00000225ae510000)

Polling page: 0x0000022592860000

Metaspace:

Usage:
  Non-class:     37.80 MB used.
      Class:      5.27 MB used.
       Both:     43.07 MB used.

Virtual space:
  Non-class space:       64.00 MB reserved,      38.25 MB ( 60%) committed,  1 nodes.
      Class space:        1.00 GB reserved,       5.69 MB ( <1%) committed,  1 nodes.
             Both:        1.06 GB reserved,      43.94 MB (  4%) committed. 

Chunk freelists:
   Non-Class:  9.45 MB
       Class:  10.37 MB
        Both:  19.82 MB

MaxMetaspaceSize: unlimited
CompressedClassSpaceSize: 1.00 GB
Initial GC threshold: 21.00 MB
Current GC threshold: 59.19 MB
CDS: on
 - commit_granule_bytes: 65536.
 - commit_granule_words: 8192.
 - virtual_space_node_default_size: 8388608.
 - enlarge_chunks_in_place: 1.
 - use_allocation_guard: 0.


Internal statistics:

num_allocs_failed_limit: 6.
num_arena_births: 832.
num_arena_deaths: 0.
num_vsnodes_births: 2.
num_vsnodes_deaths: 0.
num_space_committed: 703.
num_space_uncommitted: 0.
num_chunks_returned_to_freelist: 6.
num_chunks_taken_from_freelist: 2318.
num_chunk_merges: 6.
num_chunk_splits: 1586.
num_chunks_enlarged: 1107.
num_inconsistent_stats: 0.

CodeHeap 'non-profiled nmethods': size=120000Kb used=3062Kb max_used=3062Kb free=116937Kb
 bounds [0x00000225a3ec0000, 0x00000225a41c0000, 0x00000225ab3f0000]
CodeHeap 'profiled nmethods': size=120000Kb used=11526Kb max_used=11526Kb free=108473Kb
 bounds [0x000002259c3f0000, 0x000002259cf40000, 0x00000225a3920000]
CodeHeap 'non-nmethods': size=5760Kb used=3062Kb max_used=3093Kb free=2698Kb
 bounds [0x00000225a3920000, 0x00000225a3c30000, 0x00000225a3ec0000]
 total_blobs=6637 nmethods=5722 adapters=819
 compilation: enabled
              stopped_count=0, restarted_count=0
 full_count=0

Compilation events (20 events):
Event: 16.497 Thread 0x00000225b0fd0fe0 6120   !   2       org.codehaus.groovy.runtime.callsite.GetEffectivePogoPropertySite::callGroovyObjectGetProperty (56 bytes)
Event: 16.498 Thread 0x00000225b0fd0fe0 nmethod 6120 0x000002259cf30a90 code [0x000002259cf30cc0, 0x000002259cf311c0]
Event: 16.498 Thread 0x00000225b0fd0fe0 6125       2       java.lang.System::checkKey (34 bytes)
Event: 16.499 Thread 0x00000225b0fd0fe0 nmethod 6125 0x000002259cf31490 code [0x000002259cf31660, 0x000002259cf318f8]
Event: 16.519 Thread 0x00000225b0fc9c10 nmethod 6056 0x00000225a41b5590 code [0x00000225a41b5a60, 0x00000225a41b8088]
Event: 16.519 Thread 0x00000225b0fc9c10 6123       4       org.codehaus.groovy.runtime.callsite.PojoMetaMethodSite::call (23 bytes)
Event: 16.524 Thread 0x00000225b0fc9c10 nmethod 6123 0x00000225a41ba010 code [0x00000225a41ba200, 0x00000225a41ba868]
Event: 16.524 Thread 0x00000225b0fc9c10 6115       4       org.codehaus.groovy.runtime.typehandling.DefaultTypeTransformation::booleanUnbox (5 bytes)
Event: 16.525 Thread 0x00000225b0fc9c10 nmethod 6115 0x00000225a41bad10 code [0x00000225a41baec0, 0x00000225a41bafc0]
Event: 16.525 Thread 0x00000225b0fc9c10 6098       4       org.codehaus.groovy.runtime.ScriptBytecodeAdapter::castToType (6 bytes)
Event: 16.526 Thread 0x00000225b0fc9c10 nmethod 6098 0x00000225a41bb110 code [0x00000225a41bb2c0, 0x00000225a41bb528]
Event: 16.526 Thread 0x00000225b0fc9c10 6112       4       org.codehaus.groovy.runtime.BytecodeInterface8::isOrigZ (4 bytes)
Event: 16.526 Thread 0x00000225b0fc9c10 nmethod 6112 0x00000225a41bb710 code [0x00000225a41bb8a0, 0x00000225a41bb918]
Event: 16.526 Thread 0x00000225b0fc9c10 6018   !   4       groovy.lang.Closure::clone (8 bytes)
Event: 16.527 Thread 0x00000225b0fc9c10 nmethod 6018 0x00000225a41bba10 code [0x00000225a41bbba0, 0x00000225a41bbd40]
Event: 16.527 Thread 0x00000225b0fc9c10 6019       4       io.restassured.internal.path.json.ConfigurableJsonSlurper$__clinit__closure1::$getCallSiteArray (40 bytes)
Event: 16.528 Thread 0x00000225b0fc9c10 nmethod 6019 0x00000225a41bbe90 code [0x00000225a41bc020, 0x00000225a41bc150]
Event: 16.528 Thread 0x00000225b0fc9c10 6020       4       org.codehaus.groovy.runtime.metaclass.ClosureMetaMethod::invoke (32 bytes)
Event: 16.540 Thread 0x00000225b0fc9c10 nmethod 6020 0x00000225a41bc290 code [0x00000225a41bc520, 0x00000225a41bd100]
Event: 16.540 Thread 0x00000225b0fc9c10 6021       4       io.restassured.internal.path.json.ConfigurableJsonSlurper$__clinit__closure1::doCall (497 bytes)

GC Heap History (20 events):
Event: 9.618 GC heap before
{Heap before GC invocations=9 (full 0):
 garbage-first heap   total 76800K, used 58550K [0x0000000084000000, 0x0000000100000000)
  region size 1024K, 31 young (31744K), 2 survivors (2048K)
 Metaspace       used 40451K, committed 41280K, reserved 1114112K
  class space    used 4964K, committed 5312K, reserved 1048576K
}
Event: 9.624 GC heap after
{Heap after GC invocations=10 (full 0):
 garbage-first heap   total 76800K, used 33179K [0x0000000084000000, 0x0000000100000000)
  region size 1024K, 4 young (4096K), 4 survivors (4096K)
 Metaspace       used 40451K, committed 41280K, reserved 1114112K
  class space    used 4964K, committed 5312K, reserved 1048576K
}
Event: 9.674 GC heap before
{Heap before GC invocations=10 (full 0):
 garbage-first heap   total 76800K, used 61851K [0x0000000084000000, 0x0000000100000000)
  region size 1024K, 32 young (32768K), 4 survivors (4096K)
 Metaspace       used 40455K, committed 41280K, reserved 1114112K
  class space    used 4964K, committed 5312K, reserved 1048576K
}
Event: 9.679 GC heap after
{Heap after GC invocations=11 (full 0):
 garbage-first heap   total 76800K, used 33460K [0x0000000084000000, 0x0000000100000000)
  region size 1024K, 1 young (1024K), 1 survivors (1024K)
 Metaspace       used 40455K, committed 41280K, reserved 1114112K
  class space    used 4964K, committed 5312K, reserved 1048576K
}
Event: 9.733 GC heap before
{Heap before GC invocations=11 (full 0):
 garbage-first heap   total 76800K, used 63156K [0x0000000084000000, 0x0000000100000000)
  region size 1024K, 30 young (30720K), 1 survivors (1024K)
 Metaspace       used 40455K, committed 41280K, reserved 1114112K
  class space    used 4964K, committed 5312K, reserved 1048576K
}
Event: 9.734 GC heap after
{Heap after GC invocations=12 (full 0):
 garbage-first heap   total 76800K, used 33262K [0x0000000084000000, 0x0000000100000000)
  region size 1024K, 1 young (1024K), 1 survivors (1024K)
 Metaspace       used 40455K, committed 41280K, reserved 1114112K
  class space    used 4964K, committed 5312K, reserved 1048576K
}
Event: 9.790 GC heap before
{Heap before GC invocations=12 (full 0):
 garbage-first heap   total 76800K, used 65006K [0x0000000084000000, 0x0000000100000000)
  region size 1024K, 32 young (32768K), 1 survivors (1024K)
 Metaspace       used 40460K, committed 41280K, reserved 1114112K
  class space    used 4964K, committed 5312K, reserved 1048576K
}
Event: 9.791 GC heap after
{Heap after GC invocations=13 (full 0):
 garbage-first heap   total 76800K, used 33164K [0x0000000084000000, 0x0000000100000000)
  region size 1024K, 1 young (1024K), 1 survivors (1024K)
 Metaspace       used 40460K, committed 41280K, reserved 1114112K
  class space    used 4964K, committed 5312K, reserved 1048576K
}
Event: 9.791 GC heap before
{Heap before GC invocations=13 (full 0):
 garbage-first heap   total 76800K, used 33164K [0x0000000084000000, 0x0000000100000000)
  region size 1024K, 2 young (2048K), 1 survivors (1024K)
 Metaspace       used 40460K, committed 41280K, reserved 1114112K
  class space    used 4964K, committed 5312K, reserved 1048576K
}
Event: 9.793 GC heap after
{Heap after GC invocations=14 (full 0):
 garbage-first heap   total 76800K, used 33151K [0x0000000084000000, 0x0000000100000000)
  region size 1024K, 1 young (1024K), 1 survivors (1024K)
 Metaspace       used 40460K, committed 41280K, reserved 1114112K
  class space    used 4964K, committed 5312K, reserved 1048576K
}
Event: 9.830 GC heap before
{Heap before GC invocations=14 (full 0):
 garbage-first heap   total 76800K, used 56703K [0x0000000084000000, 0x0000000100000000)
  region size 1024K, 22 young (22528K), 1 survivors (1024K)
 Metaspace       used 40460K, committed 41280K, reserved 1114112K
  class space    used 4964K, committed 5312K, reserved 1048576K
}
Event: 9.833 GC heap after
{Heap after GC invocations=15 (full 0):
 garbage-first heap   total 189440K, used 35200K [0x0000000084000000, 0x0000000100000000)
  region size 1024K, 1 young (1024K), 1 survivors (1024K)
 Metaspace       used 40460K, committed 41280K, reserved 1114112K
  class space    used 4964K, committed 5312K, reserved 1048576K
}
Event: 10.051 GC heap before
{Heap before GC invocations=15 (full 0):
 garbage-first heap   total 189440K, used 157056K [0x0000000084000000, 0x0000000100000000)
  region size 1024K, 111 young (113664K), 1 survivors (1024K)
 Metaspace       used 40478K, committed 41280K, reserved 1114112K
  class space    used 4966K, committed 5312K, reserved 1048576K
}
Event: 10.052 GC heap after
{Heap after GC invocations=16 (full 0):
 garbage-first heap   total 189440K, used 39726K [0x0000000084000000, 0x0000000100000000)
  region size 1024K, 1 young (1024K), 1 survivors (1024K)
 Metaspace       used 40478K, committed 41280K, reserved 1114112K
  class space    used 4966K, committed 5312K, reserved 1048576K
}
Event: 16.050 GC heap before
{Heap before GC invocations=16 (full 0):
 garbage-first heap   total 189440K, used 156462K [0x0000000084000000, 0x0000000100000000)
  region size 1024K, 111 young (113664K), 1 survivors (1024K)
 Metaspace       used 43886K, committed 44736K, reserved 1114112K
  class space    used 5381K, committed 5760K, reserved 1048576K
}
Event: 16.053 GC heap after
{Heap after GC invocations=17 (full 0):
 garbage-first heap   total 189440K, used 39200K [0x0000000084000000, 0x0000000100000000)
  region size 1024K, 2 young (2048K), 2 survivors (2048K)
 Metaspace       used 43886K, committed 44736K, reserved 1114112K
  class space    used 5381K, committed 5760K, reserved 1048576K
}
Event: 16.147 GC heap before
{Heap before GC invocations=17 (full 0):
 garbage-first heap   total 189440K, used 160032K [0x0000000084000000, 0x0000000100000000)
  region size 1024K, 111 young (113664K), 2 survivors (2048K)
 Metaspace       used 43893K, committed 44736K, reserved 1114112K
  class space    used 5381K, committed 5760K, reserved 1048576K
}
Event: 16.150 GC heap after
{Heap after GC invocations=18 (full 0):
 garbage-first heap   total 189440K, used 40214K [0x0000000084000000, 0x0000000100000000)
  region size 1024K, 2 young (2048K), 2 survivors (2048K)
 Metaspace       used 43893K, committed 44736K, reserved 1114112K
  class space    used 5381K, committed 5760K, reserved 1048576K
}
Event: 16.341 GC heap before
{Heap before GC invocations=18 (full 0):
 garbage-first heap   total 189440K, used 158998K [0x0000000084000000, 0x0000000100000000)
  region size 1024K, 111 young (113664K), 2 survivors (2048K)
 Metaspace       used 44037K, committed 44928K, reserved 1114112K
  class space    used 5392K, committed 5824K, reserved 1048576K
}
Event: 16.345 GC heap after
{Heap after GC invocations=19 (full 0):
 garbage-first heap   total 189440K, used 40122K [0x0000000084000000, 0x0000000100000000)
  region size 1024K, 3 young (3072K), 3 survivors (3072K)
 Metaspace       used 44037K, committed 44928K, reserved 1114112K
  class space    used 5392K, committed 5824K, reserved 1048576K
}

Dll operation events (9 events):
Event: 0.009 Loaded shared library C:\Program Files\Java\jdk-21\bin\java.dll
Event: 0.052 Loaded shared library C:\Program Files\Java\jdk-21\bin\jsvml.dll
Event: 0.121 Loaded shared library C:\Program Files\Java\jdk-21\bin\net.dll
Event: 0.122 Loaded shared library C:\Program Files\Java\jdk-21\bin\nio.dll
Event: 0.136 Loaded shared library C:\Program Files\Java\jdk-21\bin\zip.dll
Event: 0.360 Loaded shared library C:\Program Files\Java\jdk-21\bin\extnet.dll
Event: 0.395 Loaded shared library C:\Program Files\Java\jdk-21\bin\verify.dll
Event: 0.576 Loaded shared library C:\Program Files\Java\jdk-21\bin\jimage.dll
Event: 2.952 Loaded shared library C:\Program Files\Java\jdk-21\bin\sunmscapi.dll

Deoptimization events (20 events):
Event: 16.497 Thread 0x00000225926288c0 Uncommon trap: trap_request=0xffffffde fr.pc=0x00000225a41aa424 relative=0x0000000000001284
Event: 16.497 Thread 0x00000225926288c0 Uncommon trap: reason=class_check action=maybe_recompile pc=0x00000225a41aa424 method=org.codehaus.groovy.runtime.callsite.PogoGetPropertySite.getProperty(Ljava/lang/Object;)Ljava/lang/Object; @ 1 c2
Event: 16.497 Thread 0x00000225926288c0 DEOPT PACKING pc=0x00000225a41aa424 sp=0x000000c2f23fad00
Event: 16.497 Thread 0x00000225926288c0 DEOPT UNPACKING pc=0x00000225a3977da2 sp=0x000000c2f23facf8 mode 2
Event: 16.497 Thread 0x00000225926288c0 Uncommon trap: trap_request=0xffffff45 fr.pc=0x00000225a41aceb4 relative=0x0000000000000fb4
Event: 16.497 Thread 0x00000225926288c0 Uncommon trap: reason=unstable_if action=reinterpret pc=0x00000225a41aceb4 method=org.codehaus.groovy.runtime.InvokerHelper.getProperty(Ljava/lang/Object;Ljava/lang/String;)Ljava/lang/Object; @ 12 c2
Event: 16.497 Thread 0x00000225926288c0 DEOPT PACKING pc=0x00000225a41aceb4 sp=0x000000c2f23faca0
Event: 16.497 Thread 0x00000225926288c0 DEOPT UNPACKING pc=0x00000225a3977da2 sp=0x000000c2f23fab30 mode 2
Event: 16.497 Thread 0x00000225926288c0 Uncommon trap: trap_request=0xffffffde fr.pc=0x00000225a41aa424 relative=0x0000000000001284
Event: 16.497 Thread 0x00000225926288c0 Uncommon trap: reason=class_check action=maybe_recompile pc=0x00000225a41aa424 method=org.codehaus.groovy.runtime.callsite.PogoGetPropertySite.getProperty(Ljava/lang/Object;)Ljava/lang/Object; @ 1 c2
Event: 16.497 Thread 0x00000225926288c0 DEOPT PACKING pc=0x00000225a41aa424 sp=0x000000c2f23fad00
Event: 16.497 Thread 0x00000225926288c0 DEOPT UNPACKING pc=0x00000225a3977da2 sp=0x000000c2f23facf8 mode 2
Event: 16.498 Thread 0x00000225926288c0 Uncommon trap: trap_request=0xffffffde fr.pc=0x00000225a41aa424 relative=0x0000000000001284
Event: 16.498 Thread 0x00000225926288c0 Uncommon trap: reason=class_check action=maybe_recompile pc=0x00000225a41aa424 method=org.codehaus.groovy.runtime.callsite.PogoGetPropertySite.getProperty(Ljava/lang/Object;)Ljava/lang/Object; @ 1 c2
Event: 16.498 Thread 0x00000225926288c0 DEOPT PACKING pc=0x00000225a41aa424 sp=0x000000c2f23fb260
Event: 16.498 Thread 0x00000225926288c0 DEOPT UNPACKING pc=0x00000225a3977da2 sp=0x000000c2f23fb258 mode 2
Event: 16.498 Thread 0x00000225926288c0 Uncommon trap: trap_request=0xffffffde fr.pc=0x00000225a41aa424 relative=0x0000000000001284
Event: 16.498 Thread 0x00000225926288c0 Uncommon trap: reason=class_check action=maybe_recompile pc=0x00000225a41aa424 method=org.codehaus.groovy.runtime.callsite.PogoGetPropertySite.getProperty(Ljava/lang/Object;)Ljava/lang/Object; @ 1 c2
Event: 16.498 Thread 0x00000225926288c0 DEOPT PACKING pc=0x00000225a41aa424 sp=0x000000c2f23fb260
Event: 16.498 Thread 0x00000225926288c0 DEOPT UNPACKING pc=0x00000225a3977da2 sp=0x000000c2f23fb258 mode 2

Classes loaded (20 events):
Event: 10.192 Loading class java/util/concurrent/ThreadPoolExecutor$Worker
Event: 10.192 Loading class java/util/concurrent/ThreadPoolExecutor$Worker done
Event: 10.242 Loading class java/lang/StringIndexOutOfBoundsException
Event: 10.242 Loading class java/lang/StringIndexOutOfBoundsException done
Event: 10.266 Loading class java/util/EnumMap$EntrySet
Event: 10.266 Loading class java/util/EnumMap$EntrySet done
Event: 10.266 Loading class java/util/EnumMap$EntryIterator
Event: 10.266 Loading class java/util/EnumMap$EnumMapIterator
Event: 10.266 Loading class java/util/EnumMap$EnumMapIterator done
Event: 10.266 Loading class java/util/EnumMap$EntryIterator done
Event: 10.266 Loading class java/util/EnumMap$EntryIterator$Entry
Event: 10.266 Loading class java/util/EnumMap$EntryIterator$Entry done
Event: 10.298 Loading class javax/xml/parsers/ParserConfigurationException
Event: 10.298 Loading class javax/xml/parsers/ParserConfigurationException done
Event: 10.299 Loading class javax/xml/parsers/DocumentBuilderFactory
Event: 10.299 Loading class javax/xml/parsers/DocumentBuilderFactory done
Event: 10.339 Loading class sun/misc/Unsafe
Event: 10.339 Loading class sun/misc/Unsafe done
Event: 10.515 Loading class java/lang/foreign/MemorySegment
Event: 10.516 Loading class java/lang/foreign/MemorySegment done

Classes unloaded (0 events):
No events

Classes redefined (0 events):
No events

Internal exceptions (20 events):
Event: 5.483 Thread 0x00000225926288c0 Exception <a 'java/lang/NoSuchMethodError'{0x00000000874f7000}: 'java.lang.reflect.Method[] java.lang.Class.getDeclaredMethods(java.lang.Class)'> (0x00000000874f7000) 
thrown [s\open\src\hotspot\share\interpreter\linkResolver.cpp, line 773]
Event: 7.004 Thread 0x00000225926288c0 Exception <a 'java/lang/ClassNotFoundException'{0x0000000087365198}: io/restassured/internal/support/PrettifierBeanInfo> (0x0000000087365198) 
thrown [s\open\src\hotspot\share\classfile\systemDictionary.cpp, line 312]
Event: 7.005 Thread 0x00000225926288c0 Exception <a 'java/lang/ClassNotFoundException'{0x0000000087369f30}: io/restassured/internal/support/PrettifierCustomizer> (0x0000000087369f30) 
thrown [s\open\src\hotspot\share\classfile\systemDictionary.cpp, line 312]
Event: 9.568 Thread 0x00000225926288c0 Exception <a 'java/lang/ClassNotFoundException'{0x00000000872c8bc8}: io/restassured/parsing/ParserBeanInfo> (0x00000000872c8bc8) 
thrown [s\open\src\hotspot\share\classfile\systemDictionary.cpp, line 312]
Event: 9.569 Thread 0x00000225926288c0 Exception <a 'java/lang/ClassNotFoundException'{0x00000000872cd7f8}: io/restassured/parsing/ParserCustomizer> (0x00000000872cd7f8) 
thrown [s\open\src\hotspot\share\classfile\systemDictionary.cpp, line 312]
Event: 9.574 Thread 0x00000225926288c0 Exception <a 'java/lang/ClassNotFoundException'{0x00000000872e29c8}: io/restassured/internal/path/json/JsonPrettifierBeanInfo> (0x00000000872e29c8) 
thrown [s\open\src\hotspot\share\classfile\systemDictionary.cpp, line 312]
Event: 9.575 Thread 0x00000225926288c0 Exception <a 'java/lang/ClassNotFoundException'{0x00000000872e8230}: io/restassured/internal/path/json/JsonPrettifierCustomizer> (0x00000000872e8230) 
thrown [s\open\src\hotspot\share\classfile\systemDictionary.cpp, line 312]
Event: 10.299 Thread 0x00000225926288c0 Exception <a 'java/lang/ClassNotFoundException'{0x000000008edacd40}: io/restassured/internal/assertion/BodyMatcherBeanInfo> (0x000000008edacd40) 
thrown [s\open\src\hotspot\share\classfile\systemDictionary.cpp, line 312]
Event: 10.299 Thread 0x00000225926288c0 Exception <a 'java/lang/ClassNotFoundException'{0x000000008edb2518}: io/restassured/internal/assertion/BodyMatcherCustomizer> (0x000000008edb2518) 
thrown [s\open\src\hotspot\share\classfile\systemDictionary.cpp, line 312]
Event: 10.302 Thread 0x00000225926288c0 Exception <a 'java/lang/ClassNotFoundException'{0x000000008edcc678}: groovy/runtime/metaclass/[Lorg/hamcrest/Matcher;MetaClass> (0x000000008edcc678) 
thrown [s\open\src\hotspot\share\prims\jni.cpp, line 539]
Event: 10.302 Thread 0x00000225926288c0 Exception <a 'java/lang/ClassNotFoundException'{0x000000008edd36a0}: [Lorg/hamcrest/Matcher;BeanInfo> (0x000000008edd36a0) 
thrown [s\open\src\hotspot\share\prims\jni.cpp, line 539]
Event: 10.302 Thread 0x00000225926288c0 Exception <a 'java/lang/ClassNotFoundException'{0x000000008edd41d0}: [Lorg/hamcrest/Matcher;BeanInfo> (0x000000008edd41d0) 
thrown [s\open\src\hotspot\share\prims\jni.cpp, line 539]
Event: 10.302 Thread 0x00000225926288c0 Exception <a 'java/lang/ClassNotFoundException'{0x000000008edd4d00}: [Lorg/hamcrest/Matcher;BeanInfo> (0x000000008edd4d00) 
thrown [s\open\src\hotspot\share\prims\jni.cpp, line 539]
Event: 10.302 Thread 0x00000225926288c0 Exception <a 'java/lang/ClassNotFoundException'{0x000000008edd5900}: [Lorg/hamcrest/Matcher;Customizer> (0x000000008edd5900) 
thrown [s\open\src\hotspot\share\prims\jni.cpp, line 539]
Event: 10.302 Thread 0x00000225926288c0 Exception <a 'java/lang/ClassNotFoundException'{0x000000008edd6438}: [Lorg/hamcrest/Matcher;Customizer> (0x000000008edd6438) 
thrown [s\open\src\hotspot\share\prims\jni.cpp, line 539]
Event: 10.302 Thread 0x00000225926288c0 Exception <a 'java/lang/ClassNotFoundException'{0x000000008edd6f70}: [Lorg/hamcrest/Matcher;Customizer> (0x000000008edd6f70) 
thrown [s\open\src\hotspot\share\prims\jni.cpp, line 539]
Event: 10.559 Thread 0x00000225926288c0 Exception <a 'java/lang/ClassCastException'{0x000000008b72d638}: class io.restassured.filter.time.TimingFilter cannot be cast to class groovy.lang.GroovyObject (io.restassured.filter.time.TimingFilter and groovy.lang.GroovyObject are in unnamed module of loader 'app')> (0x000000008b72d638) 
thrown [s\open\src\hotspot\share\interpreter\interpreterRuntime.cpp, line 455]
Event: 16.473 Thread 0x00000225926288c0 Exception <a 'java/lang/ClassNotFoundException'{0x000000008a7f4228}: Script1BeanInfo> (0x000000008a7f4228) 
thrown [s\open\src\hotspot\share\classfile\systemDictionary.cpp, line 312]
Event: 16.473 Thread 0x00000225926288c0 Exception <a 'java/lang/ClassNotFoundException'{0x000000008a7fa4b0}: Script1Customizer> (0x000000008a7fa4b0) 
thrown [s\open\src\hotspot\share\classfile\systemDictionary.cpp, line 312]
Event: 16.492 Thread 0x00000225926288c0 Exception <a 'java/lang/ClassCastException'{0x000000008a67ef28}> (0x000000008a67ef28) 
thrown [s\open\src\hotspot\share\runtime\sharedRuntime.cpp, line 625]

ZGC Phase Switch (0 events):
No events

VM Operations (20 events):
Event: 10.051 Executing VM operation: G1CollectForAllocation (G1 Evacuation Pause)
Event: 10.052 Executing VM operation: G1CollectForAllocation (G1 Evacuation Pause) done
Event: 10.401 Executing VM operation: ICBufferFull
Event: 10.401 Executing VM operation: ICBufferFull done
Event: 10.549 Executing VM operation: ICBufferFull
Event: 10.549 Executing VM operation: ICBufferFull done
Event: 11.560 Executing VM operation: Cleanup
Event: 11.560 Executing VM operation: Cleanup done
Event: 12.566 Executing VM operation: Cleanup
Event: 12.566 Executing VM operation: Cleanup done
Event: 13.577 Executing VM operation: Cleanup
Event: 13.577 Executing VM operation: Cleanup done
Event: 15.593 Executing VM operation: Cleanup
Event: 15.593 Executing VM operation: Cleanup done
Event: 16.050 Executing VM operation: G1CollectForAllocation (G1 Evacuation Pause)
Event: 16.053 Executing VM operation: G1CollectForAllocation (G1 Evacuation Pause) done
Event: 16.147 Executing VM operation: G1CollectForAllocation (G1 Evacuation Pause)
Event: 16.150 Executing VM operation: G1CollectForAllocation (G1 Evacuation Pause) done
Event: 16.340 Executing VM operation: G1CollectForAllocation (G1 Evacuation Pause)
Event: 16.345 Executing VM operation: G1CollectForAllocation (G1 Evacuation Pause) done

Events (20 events):
Event: 5.047 Thread 0x00000225b0f9bf00 flushing nmethod 0x00000225a3f18c90
Event: 5.047 Thread 0x00000225b0f9bf00 flushing nmethod 0x00000225a3f1da90
Event: 5.047 Thread 0x00000225b0f9bf00 flushing nmethod 0x00000225a3efe590
Event: 5.047 Thread 0x00000225b0f9bf00 flushing nmethod 0x00000225a3efba10
Event: 5.047 Thread 0x00000225b0f9bf00 flushing nmethod 0x00000225a3ef5110
Event: 5.047 Thread 0x00000225b0f9bf00 flushing nmethod 0x00000225a3eef110
Event: 5.047 Thread 0x00000225b0f9bf00 flushing nmethod 0x00000225a3ed1190
Event: 5.047 Thread 0x00000225b0f9bf00 flushing nmethod 0x00000225a3ed0610
Event: 5.047 Thread 0x00000225b0f9bf00 flushing nmethod 0x00000225a3ed6c10
Event: 5.047 Thread 0x00000225b0f9bf00 flushing nmethod 0x00000225a3ecc490
Event: 5.047 Thread 0x00000225b0f9bf00 flushing nmethod 0x00000225a3ed2910
Event: 5.047 Thread 0x00000225b0f9bf00 flushing nmethod 0x00000225a3eca310
Event: 5.047 Thread 0x00000225b0f9bf00 flushing nmethod 0x00000225a3ec1790
Event: 5.047 Thread 0x00000225b0f9bf00 flushing nmethod 0x00000225a3ec1090
Event: 10.193 Thread 0x00000225f933dea0 Thread added: 0x00000225f933dea0
Event: 10.194 Thread 0x00000225f9340c90 Thread added: 0x00000225f9340c90
Event: 10.195 Thread 0x00000225f933d810 Thread added: 0x00000225f933d810
Event: 10.350 Thread 0x00000225f933e530 Thread added: 0x00000225f933e530
Event: 10.351 Thread 0x00000225f933f250 Thread added: 0x00000225f933f250
Event: 10.351 Thread 0x00000225f933ebc0 Thread added: 0x00000225f933ebc0


Dynamic libraries:
0x00007ff7a1740000 - 0x00007ff7a1750000 	C:\Program Files\Java\jdk-21\bin\javaw.exe
0x00007ffe60510000 - 0x00007ffe60727000 	C:\WINDOWS\SYSTEM32\ntdll.dll
0x00007ffe5f660000 - 0x00007ffe5f724000 	C:\WINDOWS\System32\KERNEL32.DLL
0x00007ffe5dd10000 - 0x00007ffe5e0e3000 	C:\WINDOWS\System32\KERNELBASE.dll
0x00007ffe5d610000 - 0x00007ffe5d721000 	C:\WINDOWS\System32\ucrtbase.dll
0x00007ffe29bd0000 - 0x00007ffe29be9000 	C:\Program Files\Java\jdk-21\bin\jli.dll
0x00007ffe5fb20000 - 0x00007ffe5fbd1000 	C:\WINDOWS\System32\ADVAPI32.dll
0x00007ffe29bb0000 - 0x00007ffe29bcb000 	C:\Program Files\Java\jdk-21\bin\VCRUNTIME140.dll
0x00007ffe5eb40000 - 0x00007ffe5ebe7000 	C:\WINDOWS\System32\msvcrt.dll
0x00007ffe5e700000 - 0x00007ffe5e7a7000 	C:\WINDOWS\System32\sechost.dll
0x00007ffe5dcb0000 - 0x00007ffe5dcd8000 	C:\WINDOWS\System32\bcrypt.dll
0x00007ffe5fa00000 - 0x00007ffe5fb14000 	C:\WINDOWS\System32\RPCRT4.dll
0x00007ffe5f730000 - 0x00007ffe5f8e1000 	C:\WINDOWS\System32\USER32.dll
0x00007ffe5dce0000 - 0x00007ffe5dd06000 	C:\WINDOWS\System32\win32u.dll
0x00007ffe5eaa0000 - 0x00007ffe5eac9000 	C:\WINDOWS\System32\GDI32.dll
0x00007ffe5dae0000 - 0x00007ffe5dc02000 	C:\WINDOWS\System32\gdi32full.dll
0x00007ffe5dc10000 - 0x00007ffe5dcaa000 	C:\WINDOWS\System32\msvcp_win.dll
0x00007ffe49e50000 - 0x00007ffe4a0eb000 	C:\WINDOWS\WinSxS\amd64_microsoft.windows.common-controls_6595b64144ccf1df_6.0.22621.5262_none_2712bde373830908\COMCTL32.dll
0x00007ffe58a10000 - 0x00007ffe58a1a000 	C:\WINDOWS\SYSTEM32\VERSION.dll
0x00007ffe5e7b0000 - 0x00007ffe5e7e1000 	C:\WINDOWS\System32\IMM32.DLL
0x00007ffe3cac0000 - 0x00007ffe3cacc000 	C:\Program Files\Java\jdk-21\bin\vcruntime140_1.dll
0x00007ffe29760000 - 0x00007ffe297ee000 	C:\Program Files\Java\jdk-21\bin\msvcp140.dll
0x00007ffe28860000 - 0x00007ffe29575000 	C:\Program Files\Java\jdk-21\bin\server\jvm.dll
0x00007ffe60060000 - 0x00007ffe600d1000 	C:\WINDOWS\System32\WS2_32.dll
0x00007ffe5d4e0000 - 0x00007ffe5d52d000 	C:\WINDOWS\SYSTEM32\POWRPROF.dll
0x00007ffe58d60000 - 0x00007ffe58d94000 	C:\WINDOWS\SYSTEM32\WINMM.dll
0x00007ffe5d4c0000 - 0x00007ffe5d4d3000 	C:\WINDOWS\SYSTEM32\UMPDC.dll
0x00007ffe5c650000 - 0x00007ffe5c668000 	C:\WINDOWS\SYSTEM32\kernel.appcore.dll
0x00007ffe3c9e0000 - 0x00007ffe3c9ea000 	C:\Program Files\Java\jdk-21\bin\jimage.dll
0x00007ffe5a950000 - 0x00007ffe5ab82000 	C:\WINDOWS\SYSTEM32\DBGHELP.DLL
0x00007ffe5e1b0000 - 0x00007ffe5e543000 	C:\WINDOWS\System32\combase.dll
0x00007ffe5e940000 - 0x00007ffe5ea17000 	C:\WINDOWS\System32\OLEAUT32.dll
0x00007ffe40fe0000 - 0x00007ffe41012000 	C:\WINDOWS\SYSTEM32\dbgcore.DLL
0x00007ffe5d9e0000 - 0x00007ffe5da5b000 	C:\WINDOWS\System32\bcryptPrimitives.dll
0x00007ffe28770000 - 0x00007ffe2878f000 	C:\Program Files\Java\jdk-21\bin\java.dll
0x00007ffe5ec00000 - 0x00007ffe5f49d000 	C:\WINDOWS\System32\SHELL32.dll
0x00007ffe5d8a0000 - 0x00007ffe5d9df000 	C:\WINDOWS\System32\wintypes.dll
0x00007ffe5b550000 - 0x00007ffe5be6d000 	C:\WINDOWS\SYSTEM32\windows.storage.dll
0x00007ffe603c0000 - 0x00007ffe604cb000 	C:\WINDOWS\System32\SHCORE.dll
0x00007ffe5e810000 - 0x00007ffe5e876000 	C:\WINDOWS\System32\shlwapi.dll
0x00007ffe5d540000 - 0x00007ffe5d56b000 	C:\WINDOWS\SYSTEM32\profapi.dll
0x00007ffe27e60000 - 0x00007ffe27f37000 	C:\Program Files\Java\jdk-21\bin\jsvml.dll
0x00007ffe28760000 - 0x00007ffe28770000 	C:\Program Files\Java\jdk-21\bin\net.dll
0x00007ffe59f50000 - 0x00007ffe5a07c000 	C:\WINDOWS\SYSTEM32\WINHTTP.dll
0x00007ffe5cad0000 - 0x00007ffe5cb3a000 	C:\WINDOWS\system32\mswsock.dll
0x00007ffe27c20000 - 0x00007ffe27c36000 	C:\Program Files\Java\jdk-21\bin\nio.dll
0x00007ffe27c00000 - 0x00007ffe27c18000 	C:\Program Files\Java\jdk-21\bin\zip.dll
0x00007ffe5c0d0000 - 0x00007ffe5c0fd000 	C:\WINDOWS\SYSTEM32\IPHLPAPI.DLL
0x00007ffe5e800000 - 0x00007ffe5e809000 	C:\WINDOWS\System32\NSI.dll
0x00007ffe211a0000 - 0x00007ffe211a7000 	C:\Program Files\Java\jdk-21\bin\extnet.dll
0x00007ffe1f960000 - 0x00007ffe1f970000 	C:\Program Files\Java\jdk-21\bin\verify.dll
0x00007ffe5cd20000 - 0x00007ffe5cd3b000 	C:\WINDOWS\SYSTEM32\CRYPTSP.dll
0x00007ffe5c5b0000 - 0x00007ffe5c5e7000 	C:\WINDOWS\system32\rsaenh.dll
0x00007ffe5cbc0000 - 0x00007ffe5cbe8000 	C:\WINDOWS\SYSTEM32\USERENV.dll
0x00007ffe5cd40000 - 0x00007ffe5cd4c000 	C:\WINDOWS\SYSTEM32\CRYPTBASE.dll
0x00007ffe1f950000 - 0x00007ffe1f95e000 	C:\Program Files\Java\jdk-21\bin\sunmscapi.dll
0x00007ffe5d730000 - 0x00007ffe5d897000 	C:\WINDOWS\System32\CRYPT32.dll
0x00007ffe5cee0000 - 0x00007ffe5cf0d000 	C:\WINDOWS\SYSTEM32\ncrypt.dll
0x00007ffe5cea0000 - 0x00007ffe5ced7000 	C:\WINDOWS\SYSTEM32\NTASN1.dll
0x00007ffe5c140000 - 0x00007ffe5c238000 	C:\WINDOWS\SYSTEM32\DNSAPI.dll
0x00007ffe58c20000 - 0x00007ffe58c2a000 	C:\Windows\System32\rasadhlp.dll
0x00007ffe587e0000 - 0x00007ffe58863000 	C:\WINDOWS\System32\fwpuclnt.dll

dbghelp: loaded successfully - version: 4.0.5 - missing functions: none
symbol engine: initialized successfully - sym options: 0x614 - pdb path: .;C:\Program Files\Java\jdk-21\bin;C:\WINDOWS\SYSTEM32;C:\WINDOWS\WinSxS\amd64_microsoft.windows.common-controls_6595b64144ccf1df_6.0.22621.5262_none_2712bde373830908;C:\Program Files\Java\jdk-21\bin\server

VM Arguments:
jvm_args: -ea -Dfile.encoding=UTF-8 -Dstdout.encoding=UTF-8 -Dstderr.encoding=UTF-8 -XX:+ShowCodeDetailsInExceptionMessages 
java_command: org.eclipse.jdt.internal.junit.runner.RemoteTestRunner -version 3 -port 63899 -testLoaderClass org.eclipse.jdt.internal.junit4.runner.JUnit4TestLoader -loaderpluginname org.eclipse.jdt.junit4.runtime -classNames TestRunner.TestRunner
java_class_path (initial): C:\Users\gupta\git\API-AUTOMATION\target\test-classes;C:\Users\gupta\git\API-AUTOMATION\target\classes;C:\Users\gupta\.m2\repository\io\cucumber\cucumber-java\7.22.1\cucumber-java-7.22.1.jar;C:\Users\gupta\.m2\repository\org\apiguardian\apiguardian-api\1.1.2\apiguardian-api-1.1.2.jar;C:\Users\gupta\.m2\repository\io\cucumber\cucumber-core\7.22.1\cucumber-core-7.22.1.jar;C:\Users\gupta\.m2\repository\io\cucumber\cucumber-gherkin\7.22.1\cucumber-gherkin-7.22.1.jar;C:\Users\gupta\.m2\repository\io\cucumber\cucumber-gherkin-messages\7.22.1\cucumber-gherkin-messages-7.22.1.jar;C:\Users\gupta\.m2\repository\io\cucumber\messages\27.2.0\messages-27.2.0.jar;C:\Users\gupta\.m2\repository\io\cucumber\testng-xml-formatter\0.3.1\testng-xml-formatter-0.3.1.jar;C:\Users\gupta\.m2\repository\io\cucumber\query\13.2.0\query-13.2.0.jar;C:\Users\gupta\.m2\repository\io\cucumber\tag-expressions\6.1.2\tag-expressions-6.1.2.jar;C:\Users\gupta\.m2\repository\io\cucumber\cucumber-expressions\18.0.1\cucumber-expressions-18.0.1.jar;C:\Users\gupta\.m2\repository\io\cucumber\datatable\7.22.1\datatable-7.22.1.jar;C:\Users\gupta\.m2\repository\io\cucumber\cucumber-plugin\7.22.1\cucumber-plugin-7.22.1.jar;C:\Users\gupta\.m2\repository\io\cucumber\docstring\7.22.1\docstring-7.22.1.jar;C:\Users\gupta\.m2\repository\io\cucumber\html-formatter\21.10.1\html-formatter-21.10.1.jar;C:\Users\gupta\.m2\repository\io\cucumber\junit-xml-formatter\0.7.1\junit-xml-formatter-0.7.1.jar;C:\Users\gupta\.m2\repository\io\cucumber\ci-environment\10.0.1\ci-environment-10.0.1.jar;C:\Users\gupta\.m2\repository\io\cucumber\cucumber-junit\7.22.1\cucumber-junit-7.22.1.jar;C:\Users\gupta\.m2\repository\io\cucumber\cucumber-jvm-deps\1.0.6\cucumber-jvm-deps-1.0.6.jar;C:\Users\gupta\.m2\repository\io\rest-assured\rest-assured\5.5.1\rest-assured-5.5.1.jar;C:\Users\gupta\.m2\repository\org\apache\groovy\groovy\4.0.22\groovy-4.0.22.jar;C:\Users\gupta\.m2\repository\org\apache\groovy\groovy-xml\4.0.22\groovy-xml-4.0.22.jar;C:\Users\gupta\.m2\repository\org\apache\httpcomponents\httpclient\4.5.13\httpclient-4.5.13.jar;C:\Users\gupta\.m2\repository\org\apache\httpcomponents\httpcore\4.4.13\httpcore-4.4.13.jar;C:\Users\gupta\.m2\repository\commons-logging\commons-logging\1.2\commons-logging-1.2.jar;C:\Users\gupta\.m2\repository\commons-codec\commons-codec\1.11\commons-codec-1.11.jar;C:\Users\gupta\.m2\repository\org\apache\httpcomponents\httpmime\4.5.13\httpmime-4.5.13.jar;C:\Users\gupta\.m2\repository\org\hamcrest\hamcrest\2.2\hamcrest-2.2.jar;C:\Users\gupta\.m2\repository\org\ccil\cowan\tagsoup\tagsoup\1.2.1\tagsoup-1.2.1.jar;C:\Users\gupta\.m2\repository\io\rest-assured\json-path\5.5.1\json-path-5.5.1.jar;C:\Users\gupta\.m2\repository\org\apache\groovy\groovy-json\4.0.22\groovy-json-4.0.22.jar;C:\Users\gupta\.m2\repository\io\rest-assured\rest-assured-common\5.5.1\rest-assured-common-5.5.1.jar;C:\Users\gupta\.m2\repository\org\json\json\20250107\json-20250107.jar;C:\Users\gupta\.m2\repository\io\rest-assured\xml-path\5.5.1\xml-path-5.5.1.jar;C:\Users\gupta\.m2\repository\org\apache\commons\commons-lang3\3.16.0\commons-lang3-3.16.0.jar;C:\Users\gupta\.m2\repository\io\rest-assured\json-schema-validator\5.5.1\json-schema-validator-5.5.1.jar;C:\Users\gupta\.m2\repository\com\github\java-json-tools\json-schema-validator\2.2.14\json-schema-validator-2.2.14.jar;C:\Users\gupta\.m2\repository\com\github\java-json-tools\jackson-coreutils-equivalence\1.0\jackson-coreutils-equivalence-1.0.jar;C:\Users\gupta\.m2\repository\com\github\java-json-tools\jackson-coreutils\2.0\jackson-coreutils-2.0.jar;C:\Users\gupta\.m2\repository\com\github\java-json-tools\msg-simple\1.2\msg-simple-1.2.jar;C:\Users\gupta\.m2\repository\com\github\java-json-tools\btf\1.3\btf-1.3.jar;C:\Users\gupta\.m2\repository\com\github\java-json-tools\json-schema-core\1.2.14\json-schema-core-1.2.14.jar;C:\Users\gupta\.m2\repository\com\github\java-json-tools\uri-template\0.10\uri-template-0.10.jar;C:\Users\gupta\.m2\repository\org\mozilla\rhino\1.7.7.2\rhino-1.7.7.2.jar;C:\Users\gupta\.m2\repository\com\sun\mail\mailapi\1.6.2\mailapi-1.6.2.jar;C:\Users\gupta\.m2\repository\joda-time\joda-time\2.10.5\joda-time-2.10.5.jar;C:\Users\gupta\.m2\repository\com\googlecode\libphonenumber\libphonenumber\8.11.1\libphonenumber-8.11.1.jar;C:\Users\gupta\.m2\repository\com\google\code\findbugs\jsr305\3.0.2\jsr305-3.0.2.jar;C:\Users\gupta\.m2\repository\net\sf\jopt-simple\jopt-simple\5.0.4\jopt-simple-5.0.4.jar;C:\Users\gupta\.m2\repository\com\google\guava\guava\33.2.1-jre\guava-33.2.1-jre.jar;C:\Users\gupta\.m2\repository\com\google\guava\failureaccess\1.0.2\failureaccess-1.0.2.jar;C:\Users\gupta\.m2\repository\com\google\guava\listenablefuture\9999.0-empty-to-avoid-conflict-with-guava\listenablefuture-9999.0-empty-to-avoid-conflict-with-guava.jar;C:\Users\gupta\.m2\repository\org\checkerframework\checker-qual\3.42.0\checker-qual-3.42.0.jar;C:\Users\gupta\.m2\repository\com\google\errorprone\error_prone_annotations\2.26.1\error_prone_annotations-2.26.1.jar;C:\Users\gupta\.m2\repository\com\google\j2objc\j2objc-annotations\3.0.0\j2objc-annotations-3.0.0.jar;C:\Users\gupta\.m2\repository\org\testng\testng\7.11.0\testng-7.11.0.jar;C:\Users\gupta\.m2\repository\org\slf4j\slf4j-api\2.0.16\slf4j-api-2.0.16.jar;C:\Users\gupta\.m2\repository\org\jcommander\jcommander\1.83\jcommander-1.83.jar;C:\Users\gupta\.m2\repository\org\webjars\jquery\3.7.1\jquery-3.7.1.jar;C:\Users\gupta\.m2\repository\junit\junit\4.13.2\junit-4.13.2.jar;C:\Users\gupta\.m2\repository\org\hamcrest\hamcrest-core\1.3\hamcrest-core-1.3.jar;C:\Users\gupta\.m2\repository\com\aventstack\extentreports\5.1.2\extentreports-5.1.2.jar;C:\Users\gupta\.m2\repository\io\reactivex\rxjava3\rxjava\3.1.6\rxjava-3.1.6.jar;C:\Users\gupta\.m2\repository\org\reactivestreams\reactive-streams\1.0.4\reactive-streams-1.0.4.jar;C:\Users\gupta\.m2\repository\org\freemarker\freemarker\2.3.32\freemarker-2.3.32.jar;C:\Users\gupta\.m2\repository\org\projectlombok\lombok\1.18.26\lombok-1.18.26.jar;C:\Users\gupta\.m2\repository\com\google\code\gson\gson\2.10.1\gson-2.10.1.jar;C:\Users\gupta\.m2\repository\org\apache\logging\log4j\log4j-core\2.24.3\log4j-core-2.24.3.jar;C:\Users\gupta\.m2\repository\org\apache\logging\log4j\log4j-api\2.24.3\log4j-api-2.24.3.jar;C:\Users\gupta\.m2\repository\com\github\javafaker\javafaker\1.0.2\javafaker-1.0.2.jar;C:\Users\gupta\.m2\repository\org\yaml\snakeyaml\1.23\snakeyaml-1.23-android.jar;C:\Users\gupta\.m2\repository\com\github\mifmif\generex\1.0.2\generex-1.0.2.jar;C:\Users\gupta\.m2\repository\dk\brics\automaton\automaton\1.11-8\automaton-1.11-8.jar;C:\Users\gupta\.m2\repository\io\cucumber\gherkin\32.1.1\gherkin-32.1.1.jar;C:\Users\gupta\.m2\repository\net\masterthought\maven-cucumber-reporting\5.8.5\maven-cucumber-reporting-5.8.5.jar;C:\Users\gupta\.m2\repository\org\apache\commons\commons-collections4\4.5.0-M3\commons-collections4-4.5.0-M3.jar;C:\Users\gupta\.m2\repository\org\codehaus\plexus\plexus-utils\4.0.2\plexus-utils-4.0.2.jar;C:\Users\gupta\.m2\repository\net\masterthought\cucumber-reporting\5.8.4\cucumber-reporting-5.8.4.jar;C:\Users\gupta\.m2\repository\com\fasterxml\jackson\core\jackson-databind\2.18.1\jackson-databind-2.18.1.jar;C:\Users\gupta\.m2\repository\com\fasterxml\jackson\core\jackson-annotations\2.18.1\jackson-annotations-2.18.1.jar;C:\Users\gupta\.m2\repository\com\fasterxml\jackson\core\jackson-core\2.18.1\jackson-core-2.18.1.jar;C:\Users\gupta\.m2\repository\com\fasterxml\jackson\datatype\jackson-datatype-jsr310\2.18.1\jackson-datatype-jsr310-2.18.1.jar;C:\Users\gupta\.m2\repository\org\apache\velocity\velocity-engine-core\2.4.1\velocity-engine-core-2.4.1.jar;C:\Users\gupta\.m2\repository\org\apache\commons\commons-configuration2\2.11.0\commons-configuration2-2.11.0.jar;C:\Users\gupta\.m2\repository\commons-io\commons-io\2.17.0\commons-io-2.17.0.jar;C:\Users\gupta\.m2\repository\org\apache\commons\commons-text\1.12.0\commons-text-1.12.0.jar;C:\Users\gupta\.m2\repository\org\jsoup\jsoup\1.18.1\jsoup-1.18.1.jar;C:\Users\gupta\.m2\repository\com\googlecode\owasp-java-html-sanitizer\owasp-java-html-sanitizer\20240325.1\owasp-java-html-sanitizer-20240325.1.jar;C:\Users\gupta\.m2\repository\com\googlecode\owasp-java-html-sanitizer\java8-shim\20240325.1\java8-shim-20240325.1.jar;C:\Users\gupta\.m2\repository\com\googlecode\owasp-java-html-sanitizer\java10-shim\20240325.1\java10-shim-20240325.1.jar;C:\Users\gupta\.m2\repository\org\slf4j\jcl-over-slf4j\2.0.16\jcl-over-slf4j-2.0.16.jar;C:\Users\gupta\.m2\repository\org\apache\maven\maven-plugin-api\3.9.9\maven-plugin-api-3.9.9.jar;C:\Users\gupta\.m2\repository\org\apache\maven\maven-model\3.9.9\maven-model-3.9.9.jar;C:\Users\gupta\.m2\repository\org\apache\maven\maven-artifact\3.9.9\maven-artifact-3.9.9.jar;C:\Users\gupta\.m2\repository\org\eclipse\sisu\org.eclipse.sisu.plexus\0.9.0.M3\org.eclipse.sisu.plexus-0.9.0.M3.jar;C:\Users\gupta\.m2\repository\org\eclipse\sisu\org.eclipse.sisu.inject\0.9.0.M3\org.eclipse.sisu.inject-0.9.0.M3.jar;C:\Users\gupta\.m2\repository\org\codehaus\plexus\plexus-component-annotations\2.1.0\plexus-component-annotations-2.1.0.jar;C:\Users\gupta\.m2\repository\org\codehaus\plexus\plexus-xml\3.0.0\plexus-xml-3.0.0.jar;C:\Users\gupta\.m2\repository\org\codehaus\plexus\plexus-classworlds\2.8.0\plexus-classworlds-2.8.0.jar;C:\Users\gupta\eclipse\java-2023-12\eclipse\configuration\org.eclipse.osgi\744\0\.cp;C:\Users\gupta\eclipse\java-2023-12\eclipse\configuration\org.eclipse.osgi\743\0\.cp
Launcher Type: SUN_STANDARD

[Global flags]
     intx CICompilerCount                          = 4                                         {product} {ergonomic}
     uint ConcGCThreads                            = 2                                         {product} {ergonomic}
     uint G1ConcRefinementThreads                  = 8                                         {product} {ergonomic}
   size_t G1HeapRegionSize                         = 1048576                                   {product} {ergonomic}
    uintx GCDrainStackTargetSize                   = 64                                        {product} {ergonomic}
   size_t InitialHeapSize                          = 130023424                                 {product} {ergonomic}
   size_t MarkStackSize                            = 4194304                                   {product} {ergonomic}
   size_t MaxHeapSize                              = 2080374784                                {product} {ergonomic}
   size_t MaxNewSize                               = 1247805440                                {product} {ergonomic}
   size_t MinHeapDeltaBytes                        = 1048576                                   {product} {ergonomic}
   size_t MinHeapSize                              = 8388608                                   {product} {ergonomic}
    uintx NonNMethodCodeHeapSize                   = 5839372                                {pd product} {ergonomic}
    uintx NonProfiledCodeHeapSize                  = 122909434                              {pd product} {ergonomic}
    uintx ProfiledCodeHeapSize                     = 122909434                              {pd product} {ergonomic}
    uintx ReservedCodeCacheSize                    = 251658240                              {pd product} {ergonomic}
     bool SegmentedCodeCache                       = true                                      {product} {ergonomic}
     bool ShowCodeDetailsInExceptionMessages       = true                                   {manageable} {command line}
   size_t SoftMaxHeapSize                          = 2080374784                             {manageable} {ergonomic}
     bool UseCompressedOops                        = true                           {product lp64_product} {ergonomic}
     bool UseG1GC                                  = true                                      {product} {ergonomic}
     bool UseLargePagesIndividualAllocation        = false                                  {pd product} {ergonomic}

Logging:
Log output configuration:
 #0: stdout all=warning uptime,level,tags foldmultilines=false
 #1: stderr all=off uptime,level,tags foldmultilines=false

Environment Variables:
JAVA_HOME=C:\Program Files\Java\jdk-21
PATH=C:\Program Files\Common Files\Oracle\Java\javapath;D:\oracle\product\10.2.0\db_1\bin;C:\WINDOWS\system32;C:\WINDOWS;C:\WINDOWS\System32\Wbem;C:\WINDOWS\System32\WindowsPowerShell\v1.0\;C:\WINDOWS\System32\OpenSSH\;C:\Program Files\dotnet\;C:\Program Files\nodejs\node_modules;C:\Program Files\Java\jdk-21\bin;C:\Program Files\Git\cmd;C:\Program Files\nodejs\;C:\Program Files\nodejs\node_modules\npm\bin;C:\Program Files\apache-maven-3.8.8\bin;%JAVA_HOME%\bin;C:\Users\gupta\AppData\Local\Microsoft\WindowsApps;C:\Program Files\JetBrains\IntelliJ IDEA Community Edition 2023.3.2\bin;;C:\Users\gupta\AppData\Roaming\npm
USERNAME=Jitender
OS=Windows_NT
PROCESSOR_IDENTIFIER=Intel64 Family 6 Model 140 Stepping 1, GenuineIntel
TMP=C:\Users\gupta\AppData\Local\Temp
TEMP=C:\Users\gupta\AppData\Local\Temp




Periodic native trim disabled

---------------  S Y S T E M  ---------------

OS:
 Windows 11 , 64 bit Build 22621 (10.0.22621.5262)
OS uptime: 5 days 20:26 hours

CPU: total 8 (initial active 8) (4 cores per cpu, 2 threads per core) family 6 model 140 stepping 1 microcode 0xba, cx8, cmov, fxsr, ht, mmx, 3dnowpref, sse, sse2, sse3, ssse3, sse4.1, sse4.2, popcnt, lzcnt, tsc, tscinvbit, avx, avx2, aes, erms, clmul, bmi1, bmi2, adx, avx512f, avx512dq, avx512cd, avx512bw, avx512vl, sha, fma, vzeroupper, avx512_vpopcntdq, avx512_vpclmulqdq, avx512_vaes, avx512_vnni, clflush, clflushopt, clwb, avx512_vbmi2, avx512_vbmi, rdtscp, rdpid, fsrm, gfni, avx512_bitalg, f16c, pku, cet_ibt, cet_ss, avx512_ifma
Processor Information for all 8 processors :
  Max Mhz: 2419, Current Mhz: 2419, Mhz Limit: 2419

Memory: 4k page, system-wide physical 7928M (350M free)
TotalPageFile size 25677M (AvailPageFile size 6M)
current process WorkingSet (physical memory assigned to process): 321M, peak: 321M
current process commit charge ("private bytes"): 367M, peak: 369M

vm_info: Java HotSpot(TM) 64-Bit Server VM (21.0.1+12-LTS-29) for windows-amd64 JRE (21.0.1+12-LTS-29), built on 2023-10-05T13:27:09Z by "mach5one" with MS VC++ 17.1 (VS2022)

END.
